mode: set
github.com/crossplane/provider-azure/apis/storage/v1alpha3/account.go:42.61,43.14 1 1
github.com/crossplane/provider-azure/apis/storage/v1alpha3/account.go:46.2,49.3 1 1
github.com/crossplane/provider-azure/apis/storage/v1alpha3/account.go:43.14,45.3 1 1
github.com/crossplane/provider-azure/apis/storage/v1alpha3/account.go:53.67,54.14 1 1
github.com/crossplane/provider-azure/apis/storage/v1alpha3/account.go:58.2,61.3 1 1
github.com/crossplane/provider-azure/apis/storage/v1alpha3/account.go:54.14,56.3 1 1
github.com/crossplane/provider-azure/apis/storage/v1alpha3/account.go:74.93,75.14 1 1
github.com/crossplane/provider-azure/apis/storage/v1alpha3/account.go:79.2,79.47 1 1
github.com/crossplane/provider-azure/apis/storage/v1alpha3/account.go:82.2,85.3 1 1
github.com/crossplane/provider-azure/apis/storage/v1alpha3/account.go:75.14,77.3 1 1
github.com/crossplane/provider-azure/apis/storage/v1alpha3/account.go:79.47,81.3 1 1
github.com/crossplane/provider-azure/apis/storage/v1alpha3/account.go:89.91,94.2 1 1
github.com/crossplane/provider-azure/apis/storage/v1alpha3/account.go:112.55,113.14 1 1
github.com/crossplane/provider-azure/apis/storage/v1alpha3/account.go:116.2,120.3 1 1
github.com/crossplane/provider-azure/apis/storage/v1alpha3/account.go:113.14,115.3 1 1
github.com/crossplane/provider-azure/apis/storage/v1alpha3/account.go:124.61,125.14 1 1
github.com/crossplane/provider-azure/apis/storage/v1alpha3/account.go:128.2,132.3 1 1
github.com/crossplane/provider-azure/apis/storage/v1alpha3/account.go:125.14,127.3 1 1
github.com/crossplane/provider-azure/apis/storage/v1alpha3/account.go:148.53,149.15 1 1
github.com/crossplane/provider-azure/apis/storage/v1alpha3/account.go:152.2,157.3 1 1
github.com/crossplane/provider-azure/apis/storage/v1alpha3/account.go:149.15,151.3 1 1
github.com/crossplane/provider-azure/apis/storage/v1alpha3/account.go:173.49,174.14 1 1
github.com/crossplane/provider-azure/apis/storage/v1alpha3/account.go:177.2,181.3 1 1
github.com/crossplane/provider-azure/apis/storage/v1alpha3/account.go:174.14,176.3 1 1
github.com/crossplane/provider-azure/apis/storage/v1alpha3/account.go:185.55,186.14 1 1
github.com/crossplane/provider-azure/apis/storage/v1alpha3/account.go:189.2,193.3 1 1
github.com/crossplane/provider-azure/apis/storage/v1alpha3/account.go:186.14,188.3 1 1
github.com/crossplane/provider-azure/apis/storage/v1alpha3/account.go:208.41,213.2 1 1
github.com/crossplane/provider-azure/apis/storage/v1alpha3/account.go:216.47,221.2 1 1
github.com/crossplane/provider-azure/apis/storage/v1alpha3/account.go:236.79,237.14 1 1
github.com/crossplane/provider-azure/apis/storage/v1alpha3/account.go:240.2,244.3 1 1
github.com/crossplane/provider-azure/apis/storage/v1alpha3/account.go:237.14,239.3 1 1
github.com/crossplane/provider-azure/apis/storage/v1alpha3/account.go:248.85,249.14 1 1
github.com/crossplane/provider-azure/apis/storage/v1alpha3/account.go:252.2,256.3 1 1
github.com/crossplane/provider-azure/apis/storage/v1alpha3/account.go:249.14,251.3 1 1
github.com/crossplane/provider-azure/apis/storage/v1alpha3/account.go:281.67,282.14 1 1
github.com/crossplane/provider-azure/apis/storage/v1alpha3/account.go:286.2,287.34 2 1
github.com/crossplane/provider-azure/apis/storage/v1alpha3/account.go:294.2,295.22 2 1
github.com/crossplane/provider-azure/apis/storage/v1alpha3/account.go:302.2,307.3 1 1
github.com/crossplane/provider-azure/apis/storage/v1alpha3/account.go:282.14,284.3 1 1
github.com/crossplane/provider-azure/apis/storage/v1alpha3/account.go:287.34,289.44 2 1
github.com/crossplane/provider-azure/apis/storage/v1alpha3/account.go:289.44,291.4 1 1
github.com/crossplane/provider-azure/apis/storage/v1alpha3/account.go:295.22,297.32 2 1
github.com/crossplane/provider-azure/apis/storage/v1alpha3/account.go:297.32,299.4 1 1
github.com/crossplane/provider-azure/apis/storage/v1alpha3/account.go:311.73,312.14 1 1
github.com/crossplane/provider-azure/apis/storage/v1alpha3/account.go:316.2,317.44 2 1
github.com/crossplane/provider-azure/apis/storage/v1alpha3/account.go:325.2,326.32 2 1
github.com/crossplane/provider-azure/apis/storage/v1alpha3/account.go:334.2,339.3 1 1
github.com/crossplane/provider-azure/apis/storage/v1alpha3/account.go:312.14,314.3 1 1
github.com/crossplane/provider-azure/apis/storage/v1alpha3/account.go:317.44,319.43 2 1
github.com/crossplane/provider-azure/apis/storage/v1alpha3/account.go:322.3,322.21 1 1
github.com/crossplane/provider-azure/apis/storage/v1alpha3/account.go:319.43,321.4 1 1
github.com/crossplane/provider-azure/apis/storage/v1alpha3/account.go:326.32,328.31 2 1
github.com/crossplane/provider-azure/apis/storage/v1alpha3/account.go:331.3,331.16 1 1
github.com/crossplane/provider-azure/apis/storage/v1alpha3/account.go:328.31,330.4 1 1
github.com/crossplane/provider-azure/apis/storage/v1alpha3/account.go:356.62,361.2 1 1
github.com/crossplane/provider-azure/apis/storage/v1alpha3/account.go:364.68,369.2 1 1
github.com/crossplane/provider-azure/apis/storage/v1alpha3/account.go:405.34,406.14 1 1
github.com/crossplane/provider-azure/apis/storage/v1alpha3/account.go:410.2,411.27 2 1
github.com/crossplane/provider-azure/apis/storage/v1alpha3/account.go:418.2,425.3 1 1
github.com/crossplane/provider-azure/apis/storage/v1alpha3/account.go:406.14,408.3 1 1
github.com/crossplane/provider-azure/apis/storage/v1alpha3/account.go:411.27,413.37 2 1
github.com/crossplane/provider-azure/apis/storage/v1alpha3/account.go:413.37,415.4 1 1
github.com/crossplane/provider-azure/apis/storage/v1alpha3/account.go:429.40,430.14 1 1
github.com/crossplane/provider-azure/apis/storage/v1alpha3/account.go:434.2,435.29 2 1
github.com/crossplane/provider-azure/apis/storage/v1alpha3/account.go:443.2,444.26 2 1
github.com/crossplane/provider-azure/apis/storage/v1alpha3/account.go:448.2,455.3 1 1
github.com/crossplane/provider-azure/apis/storage/v1alpha3/account.go:430.14,432.3 1 1
github.com/crossplane/provider-azure/apis/storage/v1alpha3/account.go:435.29,437.36 2 1
github.com/crossplane/provider-azure/apis/storage/v1alpha3/account.go:440.3,440.22 1 1
github.com/crossplane/provider-azure/apis/storage/v1alpha3/account.go:437.36,439.4 1 1
github.com/crossplane/provider-azure/apis/storage/v1alpha3/account.go:444.26,446.3 1 0
github.com/crossplane/provider-azure/apis/storage/v1alpha3/account.go:470.77,475.2 1 1
github.com/crossplane/provider-azure/apis/storage/v1alpha3/account.go:478.83,483.2 1 1
github.com/crossplane/provider-azure/apis/storage/v1alpha3/account.go:511.98,512.14 1 1
github.com/crossplane/provider-azure/apis/storage/v1alpha3/account.go:515.2,521.3 1 1
github.com/crossplane/provider-azure/apis/storage/v1alpha3/account.go:512.14,514.3 1 1
github.com/crossplane/provider-azure/apis/storage/v1alpha3/account.go:525.115,526.14 1 1
github.com/crossplane/provider-azure/apis/storage/v1alpha3/account.go:529.2,535.3 1 1
github.com/crossplane/provider-azure/apis/storage/v1alpha3/account.go:526.14,528.3 1 1
github.com/crossplane/provider-azure/apis/storage/v1alpha3/account.go:539.115,540.14 1 1
github.com/crossplane/provider-azure/apis/storage/v1alpha3/account.go:543.2,549.3 1 1
github.com/crossplane/provider-azure/apis/storage/v1alpha3/account.go:540.14,542.3 1 1
github.com/crossplane/provider-azure/apis/storage/v1alpha3/account.go:599.102,600.14 1 1
github.com/crossplane/provider-azure/apis/storage/v1alpha3/account.go:603.2,603.41 1 1
github.com/crossplane/provider-azure/apis/storage/v1alpha3/account.go:610.2,620.3 1 1
github.com/crossplane/provider-azure/apis/storage/v1alpha3/account.go:600.14,602.3 1 1
github.com/crossplane/provider-azure/apis/storage/v1alpha3/account.go:603.41,604.16 1 1
github.com/crossplane/provider-azure/apis/storage/v1alpha3/account.go:607.3,607.37 1 1
github.com/crossplane/provider-azure/apis/storage/v1alpha3/account.go:604.16,606.4 1 1
github.com/crossplane/provider-azure/apis/storage/v1alpha3/account.go:658.68,659.14 1 1
github.com/crossplane/provider-azure/apis/storage/v1alpha3/account.go:662.2,669.3 1 1
github.com/crossplane/provider-azure/apis/storage/v1alpha3/account.go:659.14,661.3 1 1
github.com/crossplane/provider-azure/apis/storage/v1alpha3/account.go:673.60,681.2 3 1
github.com/crossplane/provider-azure/apis/storage/v1alpha3/account.go:684.84,685.14 1 1
github.com/crossplane/provider-azure/apis/storage/v1alpha3/account.go:689.2,696.51 2 1
github.com/crossplane/provider-azure/apis/storage/v1alpha3/account.go:699.2,699.31 1 1
github.com/crossplane/provider-azure/apis/storage/v1alpha3/account.go:703.2,703.12 1 1
github.com/crossplane/provider-azure/apis/storage/v1alpha3/account.go:685.14,687.3 1 1
github.com/crossplane/provider-azure/apis/storage/v1alpha3/account.go:696.51,698.3 1 1
github.com/crossplane/provider-azure/apis/storage/v1alpha3/account.go:699.31,701.3 1 1
github.com/crossplane/provider-azure/apis/storage/v1alpha3/account.go:707.84,708.14 1 1
github.com/crossplane/provider-azure/apis/storage/v1alpha3/account.go:712.2,717.3 1 1
github.com/crossplane/provider-azure/apis/storage/v1alpha3/account.go:708.14,710.3 1 1
github.com/crossplane/provider-azure/apis/storage/v1alpha3/account.go:736.72,737.14 1 1
github.com/crossplane/provider-azure/apis/storage/v1alpha3/account.go:740.2,745.3 1 1
github.com/crossplane/provider-azure/apis/storage/v1alpha3/account.go:737.14,739.3 1 1
github.com/crossplane/provider-azure/apis/storage/v1alpha3/account.go:748.36,749.13 1 1
github.com/crossplane/provider-azure/apis/storage/v1alpha3/account.go:752.2,752.11 1 1
github.com/crossplane/provider-azure/apis/storage/v1alpha3/account.go:749.13,751.3 1 1
github.com/crossplane/provider-azure/apis/storage/v1alpha3/register.go:56.13,59.2 2 1
github.com/crossplane/provider-azure/apis/storage/v1alpha3/zz_generated.deepcopy.go:29.47,35.2 5 0
github.com/crossplane/provider-azure/apis/storage/v1alpha3/zz_generated.deepcopy.go:38.40,39.15 1 0
github.com/crossplane/provider-azure/apis/storage/v1alpha3/zz_generated.deepcopy.go:42.2,44.12 3 0
github.com/crossplane/provider-azure/apis/storage/v1alpha3/zz_generated.deepcopy.go:39.15,41.3 1 0
github.com/crossplane/provider-azure/apis/storage/v1alpha3/zz_generated.deepcopy.go:48.52,49.34 1 0
github.com/crossplane/provider-azure/apis/storage/v1alpha3/zz_generated.deepcopy.go:52.2,52.12 1 0
github.com/crossplane/provider-azure/apis/storage/v1alpha3/zz_generated.deepcopy.go:49.34,51.3 1 0
github.com/crossplane/provider-azure/apis/storage/v1alpha3/zz_generated.deepcopy.go:56.55,60.21 4 0
github.com/crossplane/provider-azure/apis/storage/v1alpha3/zz_generated.deepcopy.go:60.21,63.22 3 0
github.com/crossplane/provider-azure/apis/storage/v1alpha3/zz_generated.deepcopy.go:63.22,65.4 1 0
github.com/crossplane/provider-azure/apis/storage/v1alpha3/zz_generated.deepcopy.go:70.48,71.15 1 0
github.com/crossplane/provider-azure/apis/storage/v1alpha3/zz_generated.deepcopy.go:74.2,76.12 3 0
github.com/crossplane/provider-azure/apis/storage/v1alpha3/zz_generated.deepcopy.go:71.15,73.3 1 0
github.com/crossplane/provider-azure/apis/storage/v1alpha3/zz_generated.deepcopy.go:80.56,81.34 1 0
github.com/crossplane/provider-azure/apis/storage/v1alpha3/zz_generated.deepcopy.go:84.2,84.12 1 0
github.com/crossplane/provider-azure/apis/storage/v1alpha3/zz_generated.deepcopy.go:81.34,83.3 1 0
github.com/crossplane/provider-azure/apis/storage/v1alpha3/zz_generated.deepcopy.go:88.67,90.34 2 0
github.com/crossplane/provider-azure/apis/storage/v1alpha3/zz_generated.deepcopy.go:90.34,94.3 3 0
github.com/crossplane/provider-azure/apis/storage/v1alpha3/zz_generated.deepcopy.go:98.60,99.15 1 0
github.com/crossplane/provider-azure/apis/storage/v1alpha3/zz_generated.deepcopy.go:102.2,104.12 3 0
github.com/crossplane/provider-azure/apis/storage/v1alpha3/zz_generated.deepcopy.go:99.15,101.3 1 0
github.com/crossplane/provider-azure/apis/storage/v1alpha3/zz_generated.deepcopy.go:108.55,112.2 3 0
github.com/crossplane/provider-azure/apis/storage/v1alpha3/zz_generated.deepcopy.go:115.48,116.15 1 0
github.com/crossplane/provider-azure/apis/storage/v1alpha3/zz_generated.deepcopy.go:119.2,121.12 3 0
github.com/crossplane/provider-azure/apis/storage/v1alpha3/zz_generated.deepcopy.go:116.15,118.3 1 0
github.com/crossplane/provider-azure/apis/storage/v1alpha3/zz_generated.deepcopy.go:125.59,128.36 3 0
github.com/crossplane/provider-azure/apis/storage/v1alpha3/zz_generated.deepcopy.go:128.36,132.3 3 0
github.com/crossplane/provider-azure/apis/storage/v1alpha3/zz_generated.deepcopy.go:136.52,137.15 1 0
github.com/crossplane/provider-azure/apis/storage/v1alpha3/zz_generated.deepcopy.go:140.2,142.12 3 0
github.com/crossplane/provider-azure/apis/storage/v1alpha3/zz_generated.deepcopy.go:137.15,139.3 1 0
github.com/crossplane/provider-azure/apis/storage/v1alpha3/zz_generated.deepcopy.go:146.51,152.2 5 0
github.com/crossplane/provider-azure/apis/storage/v1alpha3/zz_generated.deepcopy.go:155.44,156.15 1 0
github.com/crossplane/provider-azure/apis/storage/v1alpha3/zz_generated.deepcopy.go:159.2,161.12 3 0
github.com/crossplane/provider-azure/apis/storage/v1alpha3/zz_generated.deepcopy.go:156.15,158.3 1 0
github.com/crossplane/provider-azure/apis/storage/v1alpha3/zz_generated.deepcopy.go:165.54,166.34 1 0
github.com/crossplane/provider-azure/apis/storage/v1alpha3/zz_generated.deepcopy.go:169.2,169.12 1 0
github.com/crossplane/provider-azure/apis/storage/v1alpha3/zz_generated.deepcopy.go:166.34,168.3 1 0
github.com/crossplane/provider-azure/apis/storage/v1alpha3/zz_generated.deepcopy.go:173.59,177.21 4 0
github.com/crossplane/provider-azure/apis/storage/v1alpha3/zz_generated.deepcopy.go:177.21,180.22 3 0
github.com/crossplane/provider-azure/apis/storage/v1alpha3/zz_generated.deepcopy.go:180.22,182.4 1 0
github.com/crossplane/provider-azure/apis/storage/v1alpha3/zz_generated.deepcopy.go:187.52,188.15 1 0
github.com/crossplane/provider-azure/apis/storage/v1alpha3/zz_generated.deepcopy.go:191.2,193.12 3 0
github.com/crossplane/provider-azure/apis/storage/v1alpha3/zz_generated.deepcopy.go:188.15,190.3 1 0
github.com/crossplane/provider-azure/apis/storage/v1alpha3/zz_generated.deepcopy.go:197.58,198.34 1 0
github.com/crossplane/provider-azure/apis/storage/v1alpha3/zz_generated.deepcopy.go:201.2,201.12 1 0
github.com/crossplane/provider-azure/apis/storage/v1alpha3/zz_generated.deepcopy.go:198.34,200.3 1 0
github.com/crossplane/provider-azure/apis/storage/v1alpha3/zz_generated.deepcopy.go:205.71,207.24 2 0
github.com/crossplane/provider-azure/apis/storage/v1alpha3/zz_generated.deepcopy.go:207.24,210.29 3 0
github.com/crossplane/provider-azure/apis/storage/v1alpha3/zz_generated.deepcopy.go:210.29,212.4 1 0
github.com/crossplane/provider-azure/apis/storage/v1alpha3/zz_generated.deepcopy.go:217.64,218.15 1 0
github.com/crossplane/provider-azure/apis/storage/v1alpha3/zz_generated.deepcopy.go:221.2,223.12 3 0
github.com/crossplane/provider-azure/apis/storage/v1alpha3/zz_generated.deepcopy.go:218.15,220.3 1 0
github.com/crossplane/provider-azure/apis/storage/v1alpha3/zz_generated.deepcopy.go:227.59,231.2 3 0
github.com/crossplane/provider-azure/apis/storage/v1alpha3/zz_generated.deepcopy.go:234.52,235.15 1 0
github.com/crossplane/provider-azure/apis/storage/v1alpha3/zz_generated.deepcopy.go:238.2,240.12 3 0
github.com/crossplane/provider-azure/apis/storage/v1alpha3/zz_generated.deepcopy.go:235.15,237.3 1 0
github.com/crossplane/provider-azure/apis/storage/v1alpha3/zz_generated.deepcopy.go:244.63,247.2 2 0
github.com/crossplane/provider-azure/apis/storage/v1alpha3/zz_generated.deepcopy.go:250.56,251.15 1 0
github.com/crossplane/provider-azure/apis/storage/v1alpha3/zz_generated.deepcopy.go:254.2,256.12 3 0
github.com/crossplane/provider-azure/apis/storage/v1alpha3/zz_generated.deepcopy.go:251.15,253.3 1 0
github.com/crossplane/provider-azure/apis/storage/v1alpha3/zz_generated.deepcopy.go:260.57,262.2 1 0
github.com/crossplane/provider-azure/apis/storage/v1alpha3/zz_generated.deepcopy.go:265.50,266.15 1 0
github.com/crossplane/provider-azure/apis/storage/v1alpha3/zz_generated.deepcopy.go:269.2,271.12 3 0
github.com/crossplane/provider-azure/apis/storage/v1alpha3/zz_generated.deepcopy.go:266.15,268.3 1 0
github.com/crossplane/provider-azure/apis/storage/v1alpha3/zz_generated.deepcopy.go:275.83,277.2 1 0
github.com/crossplane/provider-azure/apis/storage/v1alpha3/zz_generated.deepcopy.go:280.76,281.15 1 0
github.com/crossplane/provider-azure/apis/storage/v1alpha3/zz_generated.deepcopy.go:284.2,286.12 3 0
github.com/crossplane/provider-azure/apis/storage/v1alpha3/zz_generated.deepcopy.go:281.15,283.3 1 0
github.com/crossplane/provider-azure/apis/storage/v1alpha3/zz_generated.deepcopy.go:290.53,292.24 2 0
github.com/crossplane/provider-azure/apis/storage/v1alpha3/zz_generated.deepcopy.go:297.2,297.34 1 0
github.com/crossplane/provider-azure/apis/storage/v1alpha3/zz_generated.deepcopy.go:292.24,296.3 3 0
github.com/crossplane/provider-azure/apis/storage/v1alpha3/zz_generated.deepcopy.go:297.34,301.3 3 0
github.com/crossplane/provider-azure/apis/storage/v1alpha3/zz_generated.deepcopy.go:305.46,306.15 1 0
github.com/crossplane/provider-azure/apis/storage/v1alpha3/zz_generated.deepcopy.go:309.2,311.12 3 0
github.com/crossplane/provider-azure/apis/storage/v1alpha3/zz_generated.deepcopy.go:306.15,308.3 1 0
github.com/crossplane/provider-azure/apis/storage/v1alpha3/zz_generated.deepcopy.go:315.51,317.2 1 0
github.com/crossplane/provider-azure/apis/storage/v1alpha3/zz_generated.deepcopy.go:320.44,321.15 1 0
github.com/crossplane/provider-azure/apis/storage/v1alpha3/zz_generated.deepcopy.go:324.2,326.12 3 0
github.com/crossplane/provider-azure/apis/storage/v1alpha3/zz_generated.deepcopy.go:321.15,323.3 1 0
github.com/crossplane/provider-azure/apis/storage/v1alpha3/zz_generated.deepcopy.go:330.45,332.2 1 0
github.com/crossplane/provider-azure/apis/storage/v1alpha3/zz_generated.deepcopy.go:335.38,336.15 1 0
github.com/crossplane/provider-azure/apis/storage/v1alpha3/zz_generated.deepcopy.go:339.2,341.12 3 0
github.com/crossplane/provider-azure/apis/storage/v1alpha3/zz_generated.deepcopy.go:336.15,338.3 1 0
github.com/crossplane/provider-azure/apis/storage/v1alpha3/zz_generated.deepcopy.go:345.49,347.2 1 0
github.com/crossplane/provider-azure/apis/storage/v1alpha3/zz_generated.deepcopy.go:350.42,351.15 1 0
github.com/crossplane/provider-azure/apis/storage/v1alpha3/zz_generated.deepcopy.go:354.2,356.12 3 0
github.com/crossplane/provider-azure/apis/storage/v1alpha3/zz_generated.deepcopy.go:351.15,353.3 1 0
github.com/crossplane/provider-azure/apis/storage/v1alpha3/zz_generated.deepcopy.go:360.69,362.2 1 0
github.com/crossplane/provider-azure/apis/storage/v1alpha3/zz_generated.deepcopy.go:365.62,366.15 1 0
github.com/crossplane/provider-azure/apis/storage/v1alpha3/zz_generated.deepcopy.go:369.2,371.12 3 0
github.com/crossplane/provider-azure/apis/storage/v1alpha3/zz_generated.deepcopy.go:366.15,368.3 1 0
github.com/crossplane/provider-azure/apis/storage/v1alpha3/zz_generated.deepcopy.go:375.61,377.35 2 0
github.com/crossplane/provider-azure/apis/storage/v1alpha3/zz_generated.deepcopy.go:382.2,382.23 1 0
github.com/crossplane/provider-azure/apis/storage/v1alpha3/zz_generated.deepcopy.go:377.35,381.3 3 0
github.com/crossplane/provider-azure/apis/storage/v1alpha3/zz_generated.deepcopy.go:382.23,386.3 3 0
github.com/crossplane/provider-azure/apis/storage/v1alpha3/zz_generated.deepcopy.go:390.54,391.15 1 0
github.com/crossplane/provider-azure/apis/storage/v1alpha3/zz_generated.deepcopy.go:394.2,396.12 3 0
github.com/crossplane/provider-azure/apis/storage/v1alpha3/zz_generated.deepcopy.go:391.15,393.3 1 0
github.com/crossplane/provider-azure/apis/storage/v1alpha3/zz_generated.deepcopy.go:400.39,402.28 2 0
github.com/crossplane/provider-azure/apis/storage/v1alpha3/zz_generated.deepcopy.go:407.2,407.25 1 0
github.com/crossplane/provider-azure/apis/storage/v1alpha3/zz_generated.deepcopy.go:402.28,406.3 3 0
github.com/crossplane/provider-azure/apis/storage/v1alpha3/zz_generated.deepcopy.go:407.25,411.3 3 0
github.com/crossplane/provider-azure/apis/storage/v1alpha3/zz_generated.deepcopy.go:415.32,416.15 1 0
github.com/crossplane/provider-azure/apis/storage/v1alpha3/zz_generated.deepcopy.go:419.2,421.12 3 0
github.com/crossplane/provider-azure/apis/storage/v1alpha3/zz_generated.deepcopy.go:416.15,418.3 1 0
github.com/crossplane/provider-azure/apis/storage/v1alpha3/zz_generated.deepcopy.go:425.69,427.24 2 0
github.com/crossplane/provider-azure/apis/storage/v1alpha3/zz_generated.deepcopy.go:432.2,432.19 1 0
github.com/crossplane/provider-azure/apis/storage/v1alpha3/zz_generated.deepcopy.go:437.2,437.44 1 0
github.com/crossplane/provider-azure/apis/storage/v1alpha3/zz_generated.deepcopy.go:442.2,442.20 1 0
github.com/crossplane/provider-azure/apis/storage/v1alpha3/zz_generated.deepcopy.go:427.24,431.3 3 0
github.com/crossplane/provider-azure/apis/storage/v1alpha3/zz_generated.deepcopy.go:432.19,436.3 3 0
github.com/crossplane/provider-azure/apis/storage/v1alpha3/zz_generated.deepcopy.go:437.44,441.3 3 0
github.com/crossplane/provider-azure/apis/storage/v1alpha3/zz_generated.deepcopy.go:442.20,445.29 3 0
github.com/crossplane/provider-azure/apis/storage/v1alpha3/zz_generated.deepcopy.go:445.29,447.4 1 0
github.com/crossplane/provider-azure/apis/storage/v1alpha3/zz_generated.deepcopy.go:452.62,453.15 1 0
github.com/crossplane/provider-azure/apis/storage/v1alpha3/zz_generated.deepcopy.go:456.2,458.12 3 0
github.com/crossplane/provider-azure/apis/storage/v1alpha3/zz_generated.deepcopy.go:453.15,455.3 1 0
github.com/crossplane/provider-azure/apis/storage/v1alpha3/zz_generated.deepcopy.go:462.89,464.28 2 0
github.com/crossplane/provider-azure/apis/storage/v1alpha3/zz_generated.deepcopy.go:469.2,469.26 1 0
github.com/crossplane/provider-azure/apis/storage/v1alpha3/zz_generated.deepcopy.go:474.2,474.30 1 0
github.com/crossplane/provider-azure/apis/storage/v1alpha3/zz_generated.deepcopy.go:464.28,468.3 3 0
github.com/crossplane/provider-azure/apis/storage/v1alpha3/zz_generated.deepcopy.go:469.26,473.3 3 0
github.com/crossplane/provider-azure/apis/storage/v1alpha3/zz_generated.deepcopy.go:474.30,478.3 3 0
github.com/crossplane/provider-azure/apis/storage/v1alpha3/zz_generated.deepcopy.go:482.82,483.15 1 0
github.com/crossplane/provider-azure/apis/storage/v1alpha3/zz_generated.deepcopy.go:486.2,488.12 3 0
github.com/crossplane/provider-azure/apis/storage/v1alpha3/zz_generated.deepcopy.go:483.15,485.3 1 0
github.com/crossplane/provider-azure/apis/storage/v1alpha3/zz_generated.deepcopy.go:492.73,494.46 2 0
github.com/crossplane/provider-azure/apis/storage/v1alpha3/zz_generated.deepcopy.go:494.46,498.3 3 0
github.com/crossplane/provider-azure/apis/storage/v1alpha3/zz_generated.deepcopy.go:502.66,503.15 1 0
github.com/crossplane/provider-azure/apis/storage/v1alpha3/zz_generated.deepcopy.go:506.2,508.12 3 0
github.com/crossplane/provider-azure/apis/storage/v1alpha3/zz_generated.deepcopy.go:503.15,505.3 1 0
github.com/crossplane/provider-azure/apis/storage/v1alpha3/zz_generated.deepcopy.go:512.93,514.28 2 0
github.com/crossplane/provider-azure/apis/storage/v1alpha3/zz_generated.deepcopy.go:518.2,518.35 1 0
github.com/crossplane/provider-azure/apis/storage/v1alpha3/zz_generated.deepcopy.go:522.2,522.32 1 0
github.com/crossplane/provider-azure/apis/storage/v1alpha3/zz_generated.deepcopy.go:527.2,527.34 1 0
github.com/crossplane/provider-azure/apis/storage/v1alpha3/zz_generated.deepcopy.go:514.28,517.3 2 0
github.com/crossplane/provider-azure/apis/storage/v1alpha3/zz_generated.deepcopy.go:518.35,521.3 2 0
github.com/crossplane/provider-azure/apis/storage/v1alpha3/zz_generated.deepcopy.go:522.32,526.3 3 0
github.com/crossplane/provider-azure/apis/storage/v1alpha3/zz_generated.deepcopy.go:527.34,531.3 3 0
github.com/crossplane/provider-azure/apis/storage/v1alpha3/zz_generated.deepcopy.go:535.86,536.15 1 0
github.com/crossplane/provider-azure/apis/storage/v1alpha3/zz_generated.deepcopy.go:539.2,541.12 3 0
github.com/crossplane/provider-azure/apis/storage/v1alpha3/zz_generated.deepcopy.go:536.15,538.3 1 0
github.com/crossplane/provider-azure/apis/storage/v1alpha3/zz_generated.deepcopy.go:545.69,547.2 1 0
github.com/crossplane/provider-azure/apis/storage/v1alpha3/zz_generated.deepcopy.go:550.62,551.15 1 0
github.com/crossplane/provider-azure/apis/storage/v1alpha3/zz_generated.deepcopy.go:554.2,556.12 3 0
github.com/crossplane/provider-azure/apis/storage/v1alpha3/zz_generated.deepcopy.go:551.15,553.3 1 0
github.com/crossplane/provider-azure/apis/storage/v1alpha3/zz_generated.managed.go:24.71,26.2 1 0
github.com/crossplane/provider-azure/apis/storage/v1alpha3/zz_generated.managed.go:29.60,31.2 1 0
github.com/crossplane/provider-azure/apis/storage/v1alpha3/zz_generated.managed.go:34.65,36.2 1 0
github.com/crossplane/provider-azure/apis/storage/v1alpha3/zz_generated.managed.go:42.59,44.2 1 0
github.com/crossplane/provider-azure/apis/storage/v1alpha3/zz_generated.managed.go:47.80,49.2 1 0
github.com/crossplane/provider-azure/apis/storage/v1alpha3/zz_generated.managed.go:52.55,54.2 1 0
github.com/crossplane/provider-azure/apis/storage/v1alpha3/zz_generated.managed.go:57.61,59.2 1 0
github.com/crossplane/provider-azure/apis/storage/v1alpha3/zz_generated.managed.go:62.66,64.2 1 0
github.com/crossplane/provider-azure/apis/storage/v1alpha3/zz_generated.managed.go:70.60,72.2 1 0
github.com/crossplane/provider-azure/apis/storage/v1alpha3/zz_generated.managed.go:75.81,77.2 1 0
github.com/crossplane/provider-azure/apis/storage/v1alpha3/zz_generated.managed.go:80.73,82.2 1 0
github.com/crossplane/provider-azure/apis/storage/v1alpha3/zz_generated.managed.go:85.62,87.2 1 0
github.com/crossplane/provider-azure/apis/storage/v1alpha3/zz_generated.managed.go:90.67,92.2 1 0
github.com/crossplane/provider-azure/apis/storage/v1alpha3/zz_generated.managed.go:98.61,100.2 1 0
github.com/crossplane/provider-azure/apis/storage/v1alpha3/zz_generated.managed.go:103.82,105.2 1 0
github.com/crossplane/provider-azure/apis/storage/v1alpha3/zz_generated.managed.go:108.57,110.2 1 0
github.com/crossplane/provider-azure/apis/storage/v1alpha3/zz_generated.managed.go:113.63,115.2 1 0
github.com/crossplane/provider-azure/apis/storage/v1alpha3/zz_generated.managed.go:118.68,120.2 1 0
github.com/crossplane/provider-azure/apis/storage/v1alpha3/zz_generated.managed.go:126.62,128.2 1 0
github.com/crossplane/provider-azure/apis/storage/v1alpha3/zz_generated.managed.go:131.83,133.2 1 0
github.com/crossplane/provider-azure/apis/storage/v1alpha3/zz_generated.managedlist.go:24.53,26.25 2 0
github.com/crossplane/provider-azure/apis/storage/v1alpha3/zz_generated.managedlist.go:29.2,29.14 1 0
github.com/crossplane/provider-azure/apis/storage/v1alpha3/zz_generated.managedlist.go:26.25,28.3 1 0
github.com/crossplane/provider-azure/apis/storage/v1alpha3/zz_generated.managedlist.go:33.55,35.25 2 0
github.com/crossplane/provider-azure/apis/storage/v1alpha3/zz_generated.managedlist.go:38.2,38.14 1 0
github.com/crossplane/provider-azure/apis/storage/v1alpha3/zz_generated.managedlist.go:35.25,37.3 1 0
github.com/crossplane/provider-azure/pkg/clients/azure.go:88.148,89.9 1 0
github.com/crossplane/provider-azure/pkg/clients/azure.go:90.46,91.39 1 0
github.com/crossplane/provider-azure/pkg/clients/azure.go:92.40,93.33 1 0
github.com/crossplane/provider-azure/pkg/clients/azure.go:94.10,95.53 1 0
github.com/crossplane/provider-azure/pkg/clients/azure.go:101.148,103.98 2 0
github.com/crossplane/provider-azure/pkg/clients/azure.go:107.2,109.102 3 0
github.com/crossplane/provider-azure/pkg/clients/azure.go:112.2,113.60 2 0
github.com/crossplane/provider-azure/pkg/clients/azure.go:116.2,121.49 5 0
github.com/crossplane/provider-azure/pkg/clients/azure.go:103.98,105.3 1 0
github.com/crossplane/provider-azure/pkg/clients/azure.go:109.102,111.3 1 0
github.com/crossplane/provider-azure/pkg/clients/azure.go:113.60,115.3 1 0
github.com/crossplane/provider-azure/pkg/clients/azure.go:126.154,129.41 3 0
github.com/crossplane/provider-azure/pkg/clients/azure.go:132.2,132.105 1 0
github.com/crossplane/provider-azure/pkg/clients/azure.go:136.2,137.16 2 0
github.com/crossplane/provider-azure/pkg/clients/azure.go:140.2,141.49 2 0
github.com/crossplane/provider-azure/pkg/clients/azure.go:144.2,149.49 5 0
github.com/crossplane/provider-azure/pkg/clients/azure.go:129.41,131.3 1 0
github.com/crossplane/provider-azure/pkg/clients/azure.go:132.105,134.3 1 0
github.com/crossplane/provider-azure/pkg/clients/azure.go:137.16,139.3 1 0
github.com/crossplane/provider-azure/pkg/clients/azure.go:141.49,143.3 1 0
github.com/crossplane/provider-azure/pkg/clients/azure.go:173.53,175.60 2 1
github.com/crossplane/provider-azure/pkg/clients/azure.go:180.2,185.16 5 1
github.com/crossplane/provider-azure/pkg/clients/azure.go:189.2,199.8 1 1
github.com/crossplane/provider-azure/pkg/clients/azure.go:175.60,177.3 1 0
github.com/crossplane/provider-azure/pkg/clients/azure.go:185.16,187.3 1 0
github.com/crossplane/provider-azure/pkg/clients/azure.go:204.43,211.2 5 0
github.com/crossplane/provider-azure/pkg/clients/azure.go:215.106,216.57 1 1
github.com/crossplane/provider-azure/pkg/clients/azure.go:224.2,229.16 2 1
github.com/crossplane/provider-azure/pkg/clients/azure.go:232.2,233.53 2 1
github.com/crossplane/provider-azure/pkg/clients/azure.go:242.2,244.16 3 1
github.com/crossplane/provider-azure/pkg/clients/azure.go:247.2,247.12 1 1
github.com/crossplane/provider-azure/pkg/clients/azure.go:216.57,218.3 1 1
github.com/crossplane/provider-azure/pkg/clients/azure.go:229.16,231.3 1 0
github.com/crossplane/provider-azure/pkg/clients/azure.go:233.53,235.3 1 0
github.com/crossplane/provider-azure/pkg/clients/azure.go:244.16,246.3 1 1
github.com/crossplane/provider-azure/pkg/clients/azure.go:251.33,253.9 2 1
github.com/crossplane/provider-azure/pkg/clients/azure.go:257.2,258.9 2 1
github.com/crossplane/provider-azure/pkg/clients/azure.go:262.2,262.42 1 1
github.com/crossplane/provider-azure/pkg/clients/azure.go:253.9,255.3 1 1
github.com/crossplane/provider-azure/pkg/clients/azure.go:258.9,260.3 1 1
github.com/crossplane/provider-azure/pkg/clients/azure.go:266.54,267.23 1 1
github.com/crossplane/provider-azure/pkg/clients/azure.go:273.2,273.13 1 1
github.com/crossplane/provider-azure/pkg/clients/azure.go:277.2,277.24 1 1
github.com/crossplane/provider-azure/pkg/clients/azure.go:267.23,268.37 1 1
github.com/crossplane/provider-azure/pkg/clients/azure.go:268.37,270.4 1 1
github.com/crossplane/provider-azure/pkg/clients/azure.go:273.13,275.3 1 1
github.com/crossplane/provider-azure/pkg/clients/azure.go:281.49,282.23 1 0
github.com/crossplane/provider-azure/pkg/clients/azure.go:288.2,288.12 1 0
github.com/crossplane/provider-azure/pkg/clients/azure.go:291.2,291.30 1 0
github.com/crossplane/provider-azure/pkg/clients/azure.go:282.23,283.36 1 0
github.com/crossplane/provider-azure/pkg/clients/azure.go:283.36,285.4 1 0
github.com/crossplane/provider-azure/pkg/clients/azure.go:288.12,290.3 1 0
github.com/crossplane/provider-azure/pkg/clients/azure.go:295.60,296.14 1 0
github.com/crossplane/provider-azure/pkg/clients/azure.go:299.2,299.31 1 0
github.com/crossplane/provider-azure/pkg/clients/azure.go:296.14,298.3 1 0
github.com/crossplane/provider-azure/pkg/clients/azure.go:303.48,304.23 1 0
github.com/crossplane/provider-azure/pkg/clients/azure.go:310.2,310.8 1 0
github.com/crossplane/provider-azure/pkg/clients/azure.go:313.2,313.22 1 0
github.com/crossplane/provider-azure/pkg/clients/azure.go:304.23,305.32 1 0
github.com/crossplane/provider-azure/pkg/clients/azure.go:305.32,307.4 1 0
github.com/crossplane/provider-azure/pkg/clients/azure.go:310.8,312.3 1 0
github.com/crossplane/provider-azure/pkg/clients/azure.go:317.61,318.14 1 1
github.com/crossplane/provider-azure/pkg/clients/azure.go:321.2,321.30 1 1
github.com/crossplane/provider-azure/pkg/clients/azure.go:318.14,320.3 1 0
github.com/crossplane/provider-azure/pkg/clients/azure.go:325.58,326.14 1 1
github.com/crossplane/provider-azure/pkg/clients/azure.go:329.2,329.24 1 1
github.com/crossplane/provider-azure/pkg/clients/azure.go:326.14,328.3 1 0
github.com/crossplane/provider-azure/pkg/clients/azure.go:333.45,334.14 1 0
github.com/crossplane/provider-azure/pkg/clients/azure.go:337.2,337.11 1 0
github.com/crossplane/provider-azure/pkg/clients/azure.go:334.14,336.3 1 0
github.com/crossplane/provider-azure/pkg/clients/azure.go:342.33,344.2 1 1
github.com/crossplane/provider-azure/pkg/clients/azure.go:348.26,350.2 1 0
github.com/crossplane/provider-azure/pkg/clients/azure.go:354.29,355.14 1 0
github.com/crossplane/provider-azure/pkg/clients/azure.go:358.2,358.31 1 0
github.com/crossplane/provider-azure/pkg/clients/azure.go:355.14,357.3 1 0
github.com/crossplane/provider-azure/pkg/clients/azure.go:363.27,365.2 1 0
github.com/crossplane/provider-azure/pkg/clients/azure.go:372.63,373.15 1 0
github.com/crossplane/provider-azure/pkg/clients/azure.go:376.2,376.13 1 0
github.com/crossplane/provider-azure/pkg/clients/azure.go:373.15,375.3 1 0
github.com/crossplane/provider-azure/pkg/clients/azure.go:380.70,381.15 1 0
github.com/crossplane/provider-azure/pkg/clients/azure.go:384.2,384.14 1 0
github.com/crossplane/provider-azure/pkg/clients/azure.go:381.15,383.3 1 0
github.com/crossplane/provider-azure/pkg/clients/azure.go:388.95,389.15 1 0
github.com/crossplane/provider-azure/pkg/clients/azure.go:392.2,392.17 1 0
github.com/crossplane/provider-azure/pkg/clients/azure.go:395.2,395.27 1 0
github.com/crossplane/provider-azure/pkg/clients/azure.go:389.15,391.3 1 0
github.com/crossplane/provider-azure/pkg/clients/azure.go:392.17,394.3 1 0
github.com/crossplane/provider-azure/pkg/clients/azure.go:399.57,400.15 1 0
github.com/crossplane/provider-azure/pkg/clients/azure.go:403.2,403.13 1 0
github.com/crossplane/provider-azure/pkg/clients/azure.go:400.15,402.3 1 0
github.com/crossplane/provider-azure/pkg/clients/azure.go:407.66,408.15 1 0
github.com/crossplane/provider-azure/pkg/clients/azure.go:411.2,411.17 1 0
github.com/crossplane/provider-azure/pkg/clients/azure.go:414.2,414.12 1 0
github.com/crossplane/provider-azure/pkg/clients/azure.go:408.15,410.3 1 0
github.com/crossplane/provider-azure/pkg/clients/azure.go:411.17,413.3 1 0
github.com/crossplane/provider-azure/pkg/clients/azure.go:418.81,419.15 1 0
github.com/crossplane/provider-azure/pkg/clients/azure.go:422.2,422.29 1 0
github.com/crossplane/provider-azure/pkg/clients/azure.go:419.15,421.3 1 0
github.com/crossplane/provider-azure/pkg/clients/appconfiguration/keyvalue.go:35.76,39.2 3 1
github.com/crossplane/provider-azure/pkg/clients/appconfiguration/keyvalue.go:41.94,42.15 1 1
github.com/crossplane/provider-azure/pkg/clients/appconfiguration/keyvalue.go:45.2,45.17 1 1
github.com/crossplane/provider-azure/pkg/clients/appconfiguration/keyvalue.go:48.2,48.13 1 1
github.com/crossplane/provider-azure/pkg/clients/appconfiguration/keyvalue.go:42.15,44.3 1 1
github.com/crossplane/provider-azure/pkg/clients/appconfiguration/keyvalue.go:45.17,47.3 1 0
github.com/crossplane/provider-azure/pkg/clients/appconfiguration/keyvalue.go:52.93,54.16 2 1
github.com/crossplane/provider-azure/pkg/clients/appconfiguration/keyvalue.go:57.2,58.9 2 1
github.com/crossplane/provider-azure/pkg/clients/appconfiguration/keyvalue.go:62.2,64.43 2 1
github.com/crossplane/provider-azure/pkg/clients/appconfiguration/keyvalue.go:54.16,56.3 1 0
github.com/crossplane/provider-azure/pkg/clients/appconfiguration/keyvalue.go:58.9,60.3 1 0
github.com/crossplane/provider-azure/pkg/clients/appconfiguration/keyvalue.go:67.108,72.31 4 1
github.com/crossplane/provider-azure/pkg/clients/appconfiguration/keyvalue.go:76.2,76.24 1 1
github.com/crossplane/provider-azure/pkg/clients/appconfiguration/keyvalue.go:80.2,80.26 1 1
github.com/crossplane/provider-azure/pkg/clients/appconfiguration/keyvalue.go:84.2,84.16 1 1
github.com/crossplane/provider-azure/pkg/clients/appconfiguration/keyvalue.go:72.31,74.3 1 1
github.com/crossplane/provider-azure/pkg/clients/appconfiguration/keyvalue.go:76.24,78.3 1 1
github.com/crossplane/provider-azure/pkg/clients/appconfiguration/keyvalue.go:80.26,82.3 1 1
github.com/crossplane/provider-azure/pkg/clients/appconfiguration/keyvalue.go:88.83,89.37 1 1
github.com/crossplane/provider-azure/pkg/clients/appconfiguration/keyvalue.go:93.2,93.53 1 1
github.com/crossplane/provider-azure/pkg/clients/appconfiguration/keyvalue.go:89.37,91.3 1 1
github.com/crossplane/provider-azure/pkg/clients/appconfiguration/keyvalue.go:93.53,95.3 1 1
github.com/crossplane/provider-azure/pkg/clients/database/configuration/postgresql.go:57.106,61.2 1 0
github.com/crossplane/provider-azure/pkg/clients/database/configuration/postgresql.go:64.73,66.2 1 0
github.com/crossplane/provider-azure/pkg/clients/database/configuration/postgresql.go:69.150,71.2 1 0
github.com/crossplane/provider-azure/pkg/clients/database/configuration/postgresql.go:74.133,76.2 1 0
github.com/crossplane/provider-azure/pkg/clients/database/configuration/postgresql.go:79.125,86.2 2 0
github.com/crossplane/provider-azure/pkg/clients/database/configuration/postgresql.go:88.148,97.16 4 0
github.com/crossplane/provider-azure/pkg/clients/database/configuration/postgresql.go:100.2,104.12 2 0
github.com/crossplane/provider-azure/pkg/clients/database/configuration/postgresql.go:97.16,99.3 1 0
github.com/crossplane/provider-azure/pkg/clients/database/configuration/postgresql.go:108.129,117.2 8 0
github.com/crossplane/provider-azure/pkg/clients/database/configuration/postgresql.go:121.125,123.2 1 1
github.com/crossplane/provider-azure/pkg/clients/database/cosmosdb/account.go:39.74,41.59 2 1
github.com/crossplane/provider-azure/pkg/clients/database/cosmosdb/account.go:45.2,50.16 5 1
github.com/crossplane/provider-azure/pkg/clients/database/cosmosdb/account.go:54.2,57.63 3 1
github.com/crossplane/provider-azure/pkg/clients/database/cosmosdb/account.go:61.2,61.20 1 1
github.com/crossplane/provider-azure/pkg/clients/database/cosmosdb/account.go:41.59,43.3 1 1
github.com/crossplane/provider-azure/pkg/clients/database/cosmosdb/account.go:50.16,52.3 1 0
github.com/crossplane/provider-azure/pkg/clients/database/cosmosdb/account.go:57.63,59.3 1 0
github.com/crossplane/provider-azure/pkg/clients/database/cosmosdb/account.go:65.120,66.14 1 1
github.com/crossplane/provider-azure/pkg/clients/database/cosmosdb/account.go:70.2,75.3 1 1
github.com/crossplane/provider-azure/pkg/clients/database/cosmosdb/account.go:66.14,68.3 1 1
github.com/crossplane/provider-azure/pkg/clients/database/cosmosdb/account.go:80.105,85.2 1 0
github.com/crossplane/provider-azure/pkg/clients/database/cosmosdb/account.go:87.116,88.14 1 1
github.com/crossplane/provider-azure/pkg/clients/database/cosmosdb/account.go:92.2,99.3 1 1
github.com/crossplane/provider-azure/pkg/clients/database/cosmosdb/account.go:88.14,90.3 1 0
github.com/crossplane/provider-azure/pkg/clients/database/cosmosdb/account.go:102.105,103.14 1 1
github.com/crossplane/provider-azure/pkg/clients/database/cosmosdb/account.go:109.2,116.3 1 1
github.com/crossplane/provider-azure/pkg/clients/database/cosmosdb/account.go:103.14,105.3 1 0
github.com/crossplane/provider-azure/pkg/clients/database/cosmosdb/account.go:121.108,129.2 2 1
github.com/crossplane/provider-azure/pkg/clients/database/cosmosdb/account.go:131.101,132.17 1 1
github.com/crossplane/provider-azure/pkg/clients/database/cosmosdb/account.go:136.2,136.13 1 1
github.com/crossplane/provider-azure/pkg/clients/database/cosmosdb/account.go:132.17,134.3 1 0
github.com/crossplane/provider-azure/pkg/clients/database/cosmosdb/account.go:139.51,141.2 1 1
github.com/crossplane/provider-azure/pkg/clients/database/cosmosdb/account.go:143.110,144.14 1 1
github.com/crossplane/provider-azure/pkg/clients/database/cosmosdb/account.go:148.2,152.3 1 1
github.com/crossplane/provider-azure/pkg/clients/database/cosmosdb/account.go:144.14,146.3 1 0
github.com/crossplane/provider-azure/pkg/clients/database/cosmosdb/account.go:155.112,156.14 1 1
github.com/crossplane/provider-azure/pkg/clients/database/cosmosdb/account.go:160.2,164.3 1 0
github.com/crossplane/provider-azure/pkg/clients/database/cosmosdb/account.go:156.14,158.3 1 1
github.com/crossplane/provider-azure/pkg/clients/database/cosmosdb/account.go:167.87,168.14 1 1
github.com/crossplane/provider-azure/pkg/clients/database/cosmosdb/account.go:172.2,173.19 2 1
github.com/crossplane/provider-azure/pkg/clients/database/cosmosdb/account.go:181.2,181.11 1 1
github.com/crossplane/provider-azure/pkg/clients/database/cosmosdb/account.go:168.14,170.3 1 0
github.com/crossplane/provider-azure/pkg/clients/database/cosmosdb/account.go:173.19,179.3 1 1
github.com/crossplane/provider-azure/pkg/clients/database/cosmosdb/account.go:184.89,186.14 2 1
github.com/crossplane/provider-azure/pkg/clients/database/cosmosdb/account.go:189.2,190.14 2 1
github.com/crossplane/provider-azure/pkg/clients/database/cosmosdb/account.go:199.2,199.10 1 1
github.com/crossplane/provider-azure/pkg/clients/database/cosmosdb/account.go:186.14,188.3 1 1
github.com/crossplane/provider-azure/pkg/clients/database/cosmosdb/account.go:190.14,191.31 1 1
github.com/crossplane/provider-azure/pkg/clients/database/cosmosdb/account.go:191.31,197.4 1 1
github.com/crossplane/provider-azure/pkg/clients/database/cosmosdb/account.go:202.72,205.14 2 1
github.com/crossplane/provider-azure/pkg/clients/database/cosmosdb/account.go:209.2,210.14 2 1
github.com/crossplane/provider-azure/pkg/clients/database/cosmosdb/account.go:214.2,214.32 1 1
github.com/crossplane/provider-azure/pkg/clients/database/cosmosdb/account.go:218.2,218.93 1 1
github.com/crossplane/provider-azure/pkg/clients/database/cosmosdb/account.go:205.14,207.3 1 1
github.com/crossplane/provider-azure/pkg/clients/database/cosmosdb/account.go:210.14,212.3 1 1
github.com/crossplane/provider-azure/pkg/clients/database/cosmosdb/account.go:214.32,216.3 1 1
github.com/crossplane/provider-azure/pkg/clients/database/cosmosdb/account.go:218.93,218.135 1 0
github.com/crossplane/provider-azure/pkg/clients/keyvault/secret/keyvault_secret.go:45.87,53.2 3 1
github.com/crossplane/provider-azure/pkg/clients/keyvault/secret/keyvault_secret.go:55.36,56.53 1 1
github.com/crossplane/provider-azure/pkg/clients/keyvault/secret/keyvault_secret.go:56.53,57.15 1 1
github.com/crossplane/provider-azure/pkg/clients/keyvault/secret/keyvault_secret.go:60.3,60.15 1 1
github.com/crossplane/provider-azure/pkg/clients/keyvault/secret/keyvault_secret.go:63.3,63.44 1 1
github.com/crossplane/provider-azure/pkg/clients/keyvault/secret/keyvault_secret.go:57.15,59.4 1 1
github.com/crossplane/provider-azure/pkg/clients/keyvault/secret/keyvault_secret.go:60.15,62.4 1 0
github.com/crossplane/provider-azure/pkg/clients/keyvault/secret/keyvault_secret.go:68.147,73.16 3 1
github.com/crossplane/provider-azure/pkg/clients/keyvault/secret/keyvault_secret.go:76.2,77.9 2 1
github.com/crossplane/provider-azure/pkg/clients/keyvault/secret/keyvault_secret.go:80.2,81.16 2 1
github.com/crossplane/provider-azure/pkg/clients/keyvault/secret/keyvault_secret.go:85.2,92.8 2 1
github.com/crossplane/provider-azure/pkg/clients/keyvault/secret/keyvault_secret.go:73.16,75.3 1 0
github.com/crossplane/provider-azure/pkg/clients/keyvault/secret/keyvault_secret.go:77.9,79.3 1 0
github.com/crossplane/provider-azure/pkg/clients/keyvault/secret/keyvault_secret.go:81.16,83.3 1 0
github.com/crossplane/provider-azure/pkg/clients/keyvault/secret/keyvault_secret.go:96.103,97.17 1 1
github.com/crossplane/provider-azure/pkg/clients/keyvault/secret/keyvault_secret.go:101.2,105.3 1 1
github.com/crossplane/provider-azure/pkg/clients/keyvault/secret/keyvault_secret.go:97.17,99.3 1 1
github.com/crossplane/provider-azure/pkg/clients/keyvault/secret/keyvault_secret.go:109.115,114.2 3 1
github.com/crossplane/provider-azure/pkg/clients/keyvault/secret/keyvault_secret.go:118.88,122.2 3 1
github.com/crossplane/provider-azure/pkg/clients/keyvault/secret/keyvault_secret.go:124.162,125.15 1 1
github.com/crossplane/provider-azure/pkg/clients/keyvault/secret/keyvault_secret.go:128.2,128.15 1 1
github.com/crossplane/provider-azure/pkg/clients/keyvault/secret/keyvault_secret.go:131.2,134.11 4 1
github.com/crossplane/provider-azure/pkg/clients/keyvault/secret/keyvault_secret.go:125.15,127.3 1 0
github.com/crossplane/provider-azure/pkg/clients/keyvault/secret/keyvault_secret.go:128.15,130.3 1 1
github.com/crossplane/provider-azure/pkg/clients/keyvault/secret/keyvault_secret.go:137.92,138.15 1 1
github.com/crossplane/provider-azure/pkg/clients/keyvault/secret/keyvault_secret.go:141.2,141.33 1 1
github.com/crossplane/provider-azure/pkg/clients/keyvault/secret/keyvault_secret.go:138.15,140.3 1 1
github.com/crossplane/provider-azure/pkg/clients/keyvault/secret/keyvault_secret.go:144.58,145.14 1 1
github.com/crossplane/provider-azure/pkg/clients/keyvault/secret/keyvault_secret.go:148.2,148.42 1 1
github.com/crossplane/provider-azure/pkg/clients/keyvault/secret/keyvault_secret.go:145.14,147.3 1 0
github.com/crossplane/provider-azure/pkg/clients/keyvault/secret/keyvault_secret.go:151.58,152.14 1 1
github.com/crossplane/provider-azure/pkg/clients/keyvault/secret/keyvault_secret.go:156.2,156.34 1 1
github.com/crossplane/provider-azure/pkg/clients/keyvault/secret/keyvault_secret.go:152.14,154.3 1 1
github.com/crossplane/provider-azure/pkg/clients/keyvault/secret/keyvault_secret.go:159.123,162.27 2 1
github.com/crossplane/provider-azure/pkg/clients/keyvault/secret/keyvault_secret.go:166.2,166.20 1 1
github.com/crossplane/provider-azure/pkg/clients/keyvault/secret/keyvault_secret.go:176.2,176.32 1 1
github.com/crossplane/provider-azure/pkg/clients/keyvault/secret/keyvault_secret.go:187.2,187.11 1 1
github.com/crossplane/provider-azure/pkg/clients/keyvault/secret/keyvault_secret.go:162.27,164.3 1 0
github.com/crossplane/provider-azure/pkg/clients/keyvault/secret/keyvault_secret.go:166.20,167.21 1 1
github.com/crossplane/provider-azure/pkg/clients/keyvault/secret/keyvault_secret.go:167.21,169.4 1 0
github.com/crossplane/provider-azure/pkg/clients/keyvault/secret/keyvault_secret.go:169.9,170.30 1 1
github.com/crossplane/provider-azure/pkg/clients/keyvault/secret/keyvault_secret.go:170.30,172.5 1 1
github.com/crossplane/provider-azure/pkg/clients/keyvault/secret/keyvault_secret.go:176.32,178.27 2 1
github.com/crossplane/provider-azure/pkg/clients/keyvault/secret/keyvault_secret.go:178.27,180.4 1 0
github.com/crossplane/provider-azure/pkg/clients/keyvault/secret/keyvault_secret.go:180.9,184.4 3 1
github.com/crossplane/provider-azure/pkg/clients/keyvault/secret/keyvault_secret.go:190.57,193.2 1 1
github.com/crossplane/provider-azure/pkg/clients/keyvault/secret/keyvault_secret.go:195.116,196.15 1 1
github.com/crossplane/provider-azure/pkg/clients/keyvault/secret/keyvault_secret.go:200.2,204.3 1 1
github.com/crossplane/provider-azure/pkg/clients/keyvault/secret/keyvault_secret.go:196.15,198.3 1 1
github.com/crossplane/provider-azure/pkg/clients/database/util.go:27.79,30.2 2 1
github.com/crossplane/provider-azure/pkg/clients/database/util.go:33.71,34.17 1 1
github.com/crossplane/provider-azure/pkg/clients/database/util.go:37.2,37.14 1 1
github.com/crossplane/provider-azure/pkg/clients/database/util.go:34.17,36.3 1 1
github.com/crossplane/provider-azure/pkg/clients/database/util.go:41.45,42.17 1 1
github.com/crossplane/provider-azure/pkg/clients/database/util.go:45.2,45.36 1 0
github.com/crossplane/provider-azure/pkg/clients/database/util.go:42.17,44.3 1 1
github.com/crossplane/provider-azure/pkg/clients/database/mysql.go:70.70,74.2 1 0
github.com/crossplane/provider-azure/pkg/clients/database/mysql.go:77.61,79.2 1 0
github.com/crossplane/provider-azure/pkg/clients/database/mysql.go:82.114,84.2 1 0
github.com/crossplane/provider-azure/pkg/clients/database/mysql.go:87.114,89.20 2 1
github.com/crossplane/provider-azure/pkg/clients/database/mysql.go:90.51,104.4 1 1
github.com/crossplane/provider-azure/pkg/clients/database/mysql.go:105.43,118.4 1 1
github.com/crossplane/provider-azure/pkg/clients/database/mysql.go:119.40,132.4 1 1
github.com/crossplane/provider-azure/pkg/clients/database/mysql.go:133.40,134.14 1 1
github.com/crossplane/provider-azure/pkg/clients/database/mysql.go:135.10,149.4 1 1
github.com/crossplane/provider-azure/pkg/clients/database/mysql.go:154.123,157.16 3 0
github.com/crossplane/provider-azure/pkg/clients/database/mysql.go:160.2,167.16 3 0
github.com/crossplane/provider-azure/pkg/clients/database/mysql.go:170.2,174.12 2 0
github.com/crossplane/provider-azure/pkg/clients/database/mysql.go:157.16,159.3 1 0
github.com/crossplane/provider-azure/pkg/clients/database/mysql.go:167.16,169.3 1 0
github.com/crossplane/provider-azure/pkg/clients/database/mysql.go:178.101,194.16 4 0
github.com/crossplane/provider-azure/pkg/clients/database/mysql.go:197.2,203.16 3 0
github.com/crossplane/provider-azure/pkg/clients/database/mysql.go:206.2,210.12 2 0
github.com/crossplane/provider-azure/pkg/clients/database/mysql.go:194.16,196.3 1 0
github.com/crossplane/provider-azure/pkg/clients/database/mysql.go:203.16,205.3 1 0
github.com/crossplane/provider-azure/pkg/clients/database/mysql.go:214.101,216.16 2 0
github.com/crossplane/provider-azure/pkg/clients/database/mysql.go:219.2,223.12 2 0
github.com/crossplane/provider-azure/pkg/clients/database/mysql.go:216.16,218.3 1 0
github.com/crossplane/provider-azure/pkg/clients/database/mysql.go:227.118,235.2 1 1
github.com/crossplane/provider-azure/pkg/clients/database/mysql.go:238.134,241.9 2 1
github.com/crossplane/provider-azure/pkg/clients/database/mysql.go:248.2,248.14 1 1
github.com/crossplane/provider-azure/pkg/clients/database/mysql.go:242.138,243.14 1 1
github.com/crossplane/provider-azure/pkg/clients/database/mysql.go:244.158,245.14 1 1
github.com/crossplane/provider-azure/pkg/clients/database/mysql.go:253.130,257.2 3 1
github.com/crossplane/provider-azure/pkg/clients/database/mysql.go:261.100,269.2 1 1
github.com/crossplane/provider-azure/pkg/clients/database/mysql.go:273.115,276.2 2 1
github.com/crossplane/provider-azure/pkg/clients/database/mysql.go:282.65,284.9 2 0
github.com/crossplane/provider-azure/pkg/clients/database/mysql.go:287.2,293.8 1 0
github.com/crossplane/provider-azure/pkg/clients/database/mysql.go:284.9,286.3 1 0
github.com/crossplane/provider-azure/pkg/clients/database/mysql.go:297.86,304.2 6 0
github.com/crossplane/provider-azure/pkg/clients/database/mysql.go:308.82,309.19 1 0
github.com/crossplane/provider-azure/pkg/clients/database/mysql.go:312.2,313.30 2 0
github.com/crossplane/provider-azure/pkg/clients/database/mysql.go:318.2,318.31 1 0
github.com/crossplane/provider-azure/pkg/clients/database/mysql.go:321.2,321.28 1 0
github.com/crossplane/provider-azure/pkg/clients/database/mysql.go:309.19,311.3 1 0
github.com/crossplane/provider-azure/pkg/clients/database/mysql.go:313.30,317.3 3 0
github.com/crossplane/provider-azure/pkg/clients/database/mysql.go:318.31,320.3 1 0
github.com/crossplane/provider-azure/pkg/clients/database/mysql.go:321.28,323.3 1 0
github.com/crossplane/provider-azure/pkg/clients/database/mysql.go:328.82,329.47 1 0
github.com/crossplane/provider-azure/pkg/clients/database/mysql.go:332.2,332.9 1 0
github.com/crossplane/provider-azure/pkg/clients/database/mysql.go:356.2,356.13 1 0
github.com/crossplane/provider-azure/pkg/clients/database/mysql.go:329.47,331.3 1 0
github.com/crossplane/provider-azure/pkg/clients/database/mysql.go:333.59,334.15 1 0
github.com/crossplane/provider-azure/pkg/clients/database/mysql.go:335.53,336.15 1 0
github.com/crossplane/provider-azure/pkg/clients/database/mysql.go:337.39,338.15 1 0
github.com/crossplane/provider-azure/pkg/clients/database/mysql.go:339.65,340.15 1 0
github.com/crossplane/provider-azure/pkg/clients/database/mysql.go:341.41,342.15 1 0
github.com/crossplane/provider-azure/pkg/clients/database/mysql.go:343.54,344.15 1 0
github.com/crossplane/provider-azure/pkg/clients/database/mysql.go:345.53,346.15 1 0
github.com/crossplane/provider-azure/pkg/clients/database/mysql.go:347.131,348.15 1 0
github.com/crossplane/provider-azure/pkg/clients/database/mysql.go:349.107,350.15 1 0
github.com/crossplane/provider-azure/pkg/clients/database/mysql.go:351.78,352.15 1 0
github.com/crossplane/provider-azure/pkg/clients/database/mysql.go:353.101,354.15 1 0
github.com/crossplane/provider-azure/pkg/clients/database/postgresql.go:62.85,66.2 1 0
github.com/crossplane/provider-azure/pkg/clients/database/postgresql.go:69.66,71.2 1 0
github.com/crossplane/provider-azure/pkg/clients/database/postgresql.go:74.129,76.2 1 0
github.com/crossplane/provider-azure/pkg/clients/database/postgresql.go:79.119,81.20 2 1
github.com/crossplane/provider-azure/pkg/clients/database/postgresql.go:82.51,97.4 1 1
github.com/crossplane/provider-azure/pkg/clients/database/postgresql.go:98.43,112.4 1 1
github.com/crossplane/provider-azure/pkg/clients/database/postgresql.go:113.40,127.4 1 1
github.com/crossplane/provider-azure/pkg/clients/database/postgresql.go:128.40,129.14 1 1
github.com/crossplane/provider-azure/pkg/clients/database/postgresql.go:130.10,145.4 1 1
github.com/crossplane/provider-azure/pkg/clients/database/postgresql.go:150.133,153.16 3 0
github.com/crossplane/provider-azure/pkg/clients/database/postgresql.go:156.2,163.16 3 0
github.com/crossplane/provider-azure/pkg/clients/database/postgresql.go:166.2,170.12 2 0
github.com/crossplane/provider-azure/pkg/clients/database/postgresql.go:153.16,155.3 1 0
github.com/crossplane/provider-azure/pkg/clients/database/postgresql.go:163.16,165.3 1 0
github.com/crossplane/provider-azure/pkg/clients/database/postgresql.go:174.111,191.16 4 0
github.com/crossplane/provider-azure/pkg/clients/database/postgresql.go:194.2,200.16 3 0
github.com/crossplane/provider-azure/pkg/clients/database/postgresql.go:203.2,207.12 2 0
github.com/crossplane/provider-azure/pkg/clients/database/postgresql.go:191.16,193.3 1 0
github.com/crossplane/provider-azure/pkg/clients/database/postgresql.go:200.16,202.3 1 0
github.com/crossplane/provider-azure/pkg/clients/database/postgresql.go:211.111,213.16 2 0
github.com/crossplane/provider-azure/pkg/clients/database/postgresql.go:216.2,220.12 2 0
github.com/crossplane/provider-azure/pkg/clients/database/postgresql.go:213.16,215.3 1 0
github.com/crossplane/provider-azure/pkg/clients/database/postgresql.go:224.133,232.2 1 1
github.com/crossplane/provider-azure/pkg/clients/database/postgresql.go:235.149,238.9 2 1
github.com/crossplane/provider-azure/pkg/clients/database/postgresql.go:245.2,245.14 1 1
github.com/crossplane/provider-azure/pkg/clients/database/postgresql.go:239.138,240.14 1 1
github.com/crossplane/provider-azure/pkg/clients/database/postgresql.go:241.158,242.14 1 1
github.com/crossplane/provider-azure/pkg/clients/database/postgresql.go:250.145,254.2 3 1
github.com/crossplane/provider-azure/pkg/clients/database/postgresql.go:258.115,266.2 1 1
github.com/crossplane/provider-azure/pkg/clients/database/postgresql.go:270.130,273.2 2 1
github.com/crossplane/provider-azure/pkg/clients/database/postgresql.go:279.75,281.9 2 0
github.com/crossplane/provider-azure/pkg/clients/database/postgresql.go:284.2,290.8 1 0
github.com/crossplane/provider-azure/pkg/clients/database/postgresql.go:281.9,283.3 1 0
github.com/crossplane/provider-azure/pkg/clients/database/postgresql.go:294.96,301.2 6 0
github.com/crossplane/provider-azure/pkg/clients/database/postgresql.go:305.92,306.19 1 1
github.com/crossplane/provider-azure/pkg/clients/database/postgresql.go:309.2,310.30 2 1
github.com/crossplane/provider-azure/pkg/clients/database/postgresql.go:315.2,315.31 1 1
github.com/crossplane/provider-azure/pkg/clients/database/postgresql.go:318.2,318.28 1 1
github.com/crossplane/provider-azure/pkg/clients/database/postgresql.go:322.2,322.34 1 1
github.com/crossplane/provider-azure/pkg/clients/database/postgresql.go:306.19,308.3 1 1
github.com/crossplane/provider-azure/pkg/clients/database/postgresql.go:310.30,314.3 3 0
github.com/crossplane/provider-azure/pkg/clients/database/postgresql.go:315.31,317.3 1 1
github.com/crossplane/provider-azure/pkg/clients/database/postgresql.go:318.28,320.3 1 1
github.com/crossplane/provider-azure/pkg/clients/database/postgresql.go:322.34,324.3 1 1
github.com/crossplane/provider-azure/pkg/clients/database/postgresql.go:329.92,330.47 1 1
github.com/crossplane/provider-azure/pkg/clients/database/postgresql.go:333.2,333.9 1 1
github.com/crossplane/provider-azure/pkg/clients/database/postgresql.go:359.2,359.13 1 1
github.com/crossplane/provider-azure/pkg/clients/database/postgresql.go:330.47,332.3 1 1
github.com/crossplane/provider-azure/pkg/clients/database/postgresql.go:334.59,335.15 1 0
github.com/crossplane/provider-azure/pkg/clients/database/postgresql.go:336.53,337.15 1 0
github.com/crossplane/provider-azure/pkg/clients/database/postgresql.go:338.39,339.15 1 0
github.com/crossplane/provider-azure/pkg/clients/database/postgresql.go:340.65,341.15 1 0
github.com/crossplane/provider-azure/pkg/clients/database/postgresql.go:342.41,343.15 1 0
github.com/crossplane/provider-azure/pkg/clients/database/postgresql.go:344.54,345.15 1 0
github.com/crossplane/provider-azure/pkg/clients/database/postgresql.go:346.53,347.15 1 0
github.com/crossplane/provider-azure/pkg/clients/database/postgresql.go:348.131,349.15 1 0
github.com/crossplane/provider-azure/pkg/clients/database/postgresql.go:350.107,351.15 1 0
github.com/crossplane/provider-azure/pkg/clients/database/postgresql.go:352.78,353.15 1 0
github.com/crossplane/provider-azure/pkg/clients/database/postgresql.go:354.101,355.15 1 0
github.com/crossplane/provider-azure/pkg/clients/database/postgresql.go:356.79,357.15 1 1
github.com/crossplane/provider-azure/pkg/clients/network/network.go:29.89,41.2 1 1
github.com/crossplane/provider-azure/pkg/clients/network/network.go:44.99,47.9 2 1
github.com/crossplane/provider-azure/pkg/clients/network/network.go:58.2,58.14 1 1
github.com/crossplane/provider-azure/pkg/clients/network/network.go:48.122,49.14 1 1
github.com/crossplane/provider-azure/pkg/clients/network/network.go:50.138,51.14 1 1
github.com/crossplane/provider-azure/pkg/clients/network/network.go:52.134,53.14 1 1
github.com/crossplane/provider-azure/pkg/clients/network/network.go:54.44,55.14 1 1
github.com/crossplane/provider-azure/pkg/clients/network/network.go:63.101,69.2 5 1
github.com/crossplane/provider-azure/pkg/clients/network/network.go:72.65,79.2 1 1
github.com/crossplane/provider-azure/pkg/clients/network/network.go:82.119,85.24 2 1
github.com/crossplane/provider-azure/pkg/clients/network/network.go:91.2,91.19 1 1
github.com/crossplane/provider-azure/pkg/clients/network/network.go:85.24,89.3 1 1
github.com/crossplane/provider-azure/pkg/clients/network/network.go:95.75,99.2 2 1
github.com/crossplane/provider-azure/pkg/clients/network/network.go:103.77,108.2 4 1
github.com/crossplane/provider-azure/pkg/clients/redis/redis.go:38.68,54.2 1 1
github.com/crossplane/provider-azure/pkg/clients/redis/redis.go:65.105,81.31 2 1
github.com/crossplane/provider-azure/pkg/clients/redis/redis.go:86.2,86.26 1 1
github.com/crossplane/provider-azure/pkg/clients/redis/redis.go:89.2,89.29 1 1
github.com/crossplane/provider-azure/pkg/clients/redis/redis.go:92.2,92.56 1 1
github.com/crossplane/provider-azure/pkg/clients/redis/redis.go:95.2,95.45 1 1
github.com/crossplane/provider-azure/pkg/clients/redis/redis.go:100.2,100.40 1 1
github.com/crossplane/provider-azure/pkg/clients/redis/redis.go:103.2,103.71 1 1
github.com/crossplane/provider-azure/pkg/clients/redis/redis.go:106.2,106.59 1 1
github.com/crossplane/provider-azure/pkg/clients/redis/redis.go:109.2,109.41 1 1
github.com/crossplane/provider-azure/pkg/clients/redis/redis.go:114.2,114.36 1 1
github.com/crossplane/provider-azure/pkg/clients/redis/redis.go:117.2,117.73 1 1
github.com/crossplane/provider-azure/pkg/clients/redis/redis.go:120.2,120.14 1 1
github.com/crossplane/provider-azure/pkg/clients/redis/redis.go:81.31,82.25 1 1
github.com/crossplane/provider-azure/pkg/clients/redis/redis.go:82.25,84.4 1 0
github.com/crossplane/provider-azure/pkg/clients/redis/redis.go:86.26,88.3 1 1
github.com/crossplane/provider-azure/pkg/clients/redis/redis.go:89.29,91.3 1 1
github.com/crossplane/provider-azure/pkg/clients/redis/redis.go:92.56,94.3 1 1
github.com/crossplane/provider-azure/pkg/clients/redis/redis.go:95.45,96.56 1 1
github.com/crossplane/provider-azure/pkg/clients/redis/redis.go:96.56,98.4 1 1
github.com/crossplane/provider-azure/pkg/clients/redis/redis.go:100.40,102.3 1 1
github.com/crossplane/provider-azure/pkg/clients/redis/redis.go:103.71,105.3 1 1
github.com/crossplane/provider-azure/pkg/clients/redis/redis.go:106.59,108.3 1 1
github.com/crossplane/provider-azure/pkg/clients/redis/redis.go:109.41,110.52 1 1
github.com/crossplane/provider-azure/pkg/clients/redis/redis.go:110.52,112.4 1 1
github.com/crossplane/provider-azure/pkg/clients/redis/redis.go:114.36,116.3 1 1
github.com/crossplane/provider-azure/pkg/clients/redis/redis.go:117.73,119.3 1 1
github.com/crossplane/provider-azure/pkg/clients/redis/redis.go:124.39,130.2 1 1
github.com/crossplane/provider-azure/pkg/clients/redis/redis.go:135.76,136.26 1 1
github.com/crossplane/provider-azure/pkg/clients/redis/redis.go:139.2,141.41 3 1
github.com/crossplane/provider-azure/pkg/clients/redis/redis.go:136.26,138.3 1 1
github.com/crossplane/provider-azure/pkg/clients/redis/redis.go:146.74,151.26 2 1
github.com/crossplane/provider-azure/pkg/clients/redis/redis.go:154.2,159.29 6 1
github.com/crossplane/provider-azure/pkg/clients/redis/redis.go:165.2,165.10 1 1
github.com/crossplane/provider-azure/pkg/clients/redis/redis.go:151.26,153.3 1 0
github.com/crossplane/provider-azure/pkg/clients/redis/redis.go:159.29,161.52 2 1
github.com/crossplane/provider-azure/pkg/clients/redis/redis.go:161.52,163.4 1 1
github.com/crossplane/provider-azure/pkg/clients/redis/redis.go:170.75,173.26 3 1
github.com/crossplane/provider-azure/pkg/clients/redis/redis.go:176.2,183.96 8 1
github.com/crossplane/provider-azure/pkg/clients/redis/redis.go:173.26,175.3 1 0
github.com/crossplane/provider-azure/pkg/clients/storage/account.go:33.76,35.52 2 1
github.com/crossplane/provider-azure/pkg/clients/storage/account.go:39.2,44.16 5 1
github.com/crossplane/provider-azure/pkg/clients/storage/account.go:48.2,51.63 3 1
github.com/crossplane/provider-azure/pkg/clients/storage/account.go:54.2,54.21 1 1
github.com/crossplane/provider-azure/pkg/clients/storage/account.go:35.52,37.3 1 1
github.com/crossplane/provider-azure/pkg/clients/storage/account.go:44.16,46.3 1 0
github.com/crossplane/provider-azure/pkg/clients/storage/account.go:51.63,53.3 1 0
github.com/crossplane/provider-azure/pkg/clients/storage/account.go:77.101,83.2 1 1
github.com/crossplane/provider-azure/pkg/clients/storage/account.go:86.119,87.69 1 0
github.com/crossplane/provider-azure/pkg/clients/storage/account.go:91.2,92.16 2 0
github.com/crossplane/provider-azure/pkg/clients/storage/account.go:96.2,97.16 2 0
github.com/crossplane/provider-azure/pkg/clients/storage/account.go:101.2,102.16 2 0
github.com/crossplane/provider-azure/pkg/clients/storage/account.go:105.2,105.19 1 0
github.com/crossplane/provider-azure/pkg/clients/storage/account.go:87.69,89.3 1 0
github.com/crossplane/provider-azure/pkg/clients/storage/account.go:92.16,94.3 1 0
github.com/crossplane/provider-azure/pkg/clients/storage/account.go:97.16,99.3 1 0
github.com/crossplane/provider-azure/pkg/clients/storage/account.go:102.16,104.3 1 0
github.com/crossplane/provider-azure/pkg/clients/storage/account.go:109.119,111.16 2 0
github.com/crossplane/provider-azure/pkg/clients/storage/account.go:114.2,114.19 1 0
github.com/crossplane/provider-azure/pkg/clients/storage/account.go:111.16,113.3 1 0
github.com/crossplane/provider-azure/pkg/clients/storage/account.go:118.76,120.16 2 0
github.com/crossplane/provider-azure/pkg/clients/storage/account.go:123.2,123.19 1 0
github.com/crossplane/provider-azure/pkg/clients/storage/account.go:120.16,122.3 1 0
github.com/crossplane/provider-azure/pkg/clients/storage/account.go:127.59,130.2 2 0
github.com/crossplane/provider-azure/pkg/clients/storage/account.go:133.88,140.16 2 0
github.com/crossplane/provider-azure/pkg/clients/storage/account.go:144.2,144.59 1 0
github.com/crossplane/provider-azure/pkg/clients/storage/account.go:148.2,148.12 1 0
github.com/crossplane/provider-azure/pkg/clients/storage/account.go:140.16,142.3 1 0
github.com/crossplane/provider-azure/pkg/clients/storage/account.go:144.59,146.3 1 0
github.com/crossplane/provider-azure/pkg/clients/storage/account.go:152.85,154.16 2 0
github.com/crossplane/provider-azure/pkg/clients/storage/account.go:158.2,158.22 1 0
github.com/crossplane/provider-azure/pkg/clients/storage/account.go:154.16,156.3 1 0
github.com/crossplane/provider-azure/pkg/clients/storage/container.go:49.98,51.16 2 0
github.com/crossplane/provider-azure/pkg/clients/storage/container.go:55.2,64.8 4 0
github.com/crossplane/provider-azure/pkg/clients/storage/container.go:51.16,53.3 1 0
github.com/crossplane/provider-azure/pkg/clients/storage/container.go:68.129,71.2 2 0
github.com/crossplane/provider-azure/pkg/clients/storage/container.go:74.129,75.105 1 0
github.com/crossplane/provider-azure/pkg/clients/storage/container.go:78.2,79.12 2 0
github.com/crossplane/provider-azure/pkg/clients/storage/container.go:75.105,77.3 1 0
github.com/crossplane/provider-azure/pkg/clients/storage/container.go:83.103,85.16 2 0
github.com/crossplane/provider-azure/pkg/clients/storage/container.go:88.2,89.61 2 0
github.com/crossplane/provider-azure/pkg/clients/storage/container.go:85.16,87.3 1 0
github.com/crossplane/provider-azure/pkg/clients/storage/container.go:93.61,96.2 2 0
github.com/crossplane/provider-azure/pkg/clients/storage/container.go:98.56,99.17 1 0
github.com/crossplane/provider-azure/pkg/clients/storage/container.go:102.2,102.10 1 0
github.com/crossplane/provider-azure/pkg/clients/storage/container.go:99.17,101.3 1 0
github.com/crossplane/provider-azure/pkg/clients/storage/container.go:106.38,108.9 2 0
github.com/crossplane/provider-azure/pkg/clients/storage/container.go:112.2,112.64 1 0
github.com/crossplane/provider-azure/pkg/clients/storage/container.go:108.9,110.3 1 0
github.com/crossplane/provider-azure/pkg/clients/resourcegroup/resourcegroup.go:38.58,40.56 2 0
github.com/crossplane/provider-azure/pkg/clients/resourcegroup/resourcegroup.go:43.2,53.16 4 0
github.com/crossplane/provider-azure/pkg/clients/resourcegroup/resourcegroup.go:56.2,57.63 2 0
github.com/crossplane/provider-azure/pkg/clients/resourcegroup/resourcegroup.go:61.2,61.20 1 0
github.com/crossplane/provider-azure/pkg/clients/resourcegroup/resourcegroup.go:40.56,42.3 1 0
github.com/crossplane/provider-azure/pkg/clients/resourcegroup/resourcegroup.go:53.16,55.3 1 0
github.com/crossplane/provider-azure/pkg/clients/resourcegroup/resourcegroup.go:57.63,59.3 1 0
github.com/crossplane/provider-azure/pkg/clients/resourcegroup/resourcegroup.go:66.63,71.2 1 1
github.com/crossplane/provider-azure/pkg/controller/appconfiguration/keyvalue.go:52.116,67.2 2 0
github.com/crossplane/provider-azure/pkg/controller/appconfiguration/keyvalue.go:73.102,75.16 2 0
github.com/crossplane/provider-azure/pkg/controller/appconfiguration/keyvalue.go:79.2,80.9 2 0
github.com/crossplane/provider-azure/pkg/controller/appconfiguration/keyvalue.go:84.2,93.16 3 0
github.com/crossplane/provider-azure/pkg/controller/appconfiguration/keyvalue.go:96.2,96.49 1 0
github.com/crossplane/provider-azure/pkg/controller/appconfiguration/keyvalue.go:75.16,77.3 1 0
github.com/crossplane/provider-azure/pkg/controller/appconfiguration/keyvalue.go:80.9,82.3 1 0
github.com/crossplane/provider-azure/pkg/controller/appconfiguration/keyvalue.go:93.16,95.3 1 0
github.com/crossplane/provider-azure/pkg/controller/appconfiguration/keyvalue.go:104.107,106.9 2 1
github.com/crossplane/provider-azure/pkg/controller/appconfiguration/keyvalue.go:110.2,114.16 4 1
github.com/crossplane/provider-azure/pkg/controller/appconfiguration/keyvalue.go:122.2,125.51 4 1
github.com/crossplane/provider-azure/pkg/controller/appconfiguration/keyvalue.go:129.2,133.16 4 1
github.com/crossplane/provider-azure/pkg/controller/appconfiguration/keyvalue.go:137.2,141.8 1 1
github.com/crossplane/provider-azure/pkg/controller/appconfiguration/keyvalue.go:106.9,108.3 1 1
github.com/crossplane/provider-azure/pkg/controller/appconfiguration/keyvalue.go:114.16,115.43 1 1
github.com/crossplane/provider-azure/pkg/controller/appconfiguration/keyvalue.go:118.3,118.71 1 1
github.com/crossplane/provider-azure/pkg/controller/appconfiguration/keyvalue.go:115.43,117.4 1 1
github.com/crossplane/provider-azure/pkg/controller/appconfiguration/keyvalue.go:125.51,127.3 1 1
github.com/crossplane/provider-azure/pkg/controller/appconfiguration/keyvalue.go:133.16,135.3 1 0
github.com/crossplane/provider-azure/pkg/controller/appconfiguration/keyvalue.go:144.103,146.9 2 1
github.com/crossplane/provider-azure/pkg/controller/appconfiguration/keyvalue.go:150.2,150.101 1 1
github.com/crossplane/provider-azure/pkg/controller/appconfiguration/keyvalue.go:146.9,148.3 1 1
github.com/crossplane/provider-azure/pkg/controller/appconfiguration/keyvalue.go:153.101,155.9 2 1
github.com/crossplane/provider-azure/pkg/controller/appconfiguration/keyvalue.go:158.2,158.99 1 1
github.com/crossplane/provider-azure/pkg/controller/appconfiguration/keyvalue.go:155.9,157.3 1 1
github.com/crossplane/provider-azure/pkg/controller/appconfiguration/keyvalue.go:161.75,163.9 2 1
github.com/crossplane/provider-azure/pkg/controller/appconfiguration/keyvalue.go:167.2,167.114 1 1
github.com/crossplane/provider-azure/pkg/controller/appconfiguration/keyvalue.go:163.9,165.3 1 1
github.com/crossplane/provider-azure/pkg/controller/appconfiguration/keyvalue.go:170.74,176.24 2 1
github.com/crossplane/provider-azure/pkg/controller/appconfiguration/keyvalue.go:179.2,179.31 1 1
github.com/crossplane/provider-azure/pkg/controller/appconfiguration/keyvalue.go:183.2,184.12 2 1
github.com/crossplane/provider-azure/pkg/controller/appconfiguration/keyvalue.go:176.24,178.3 1 1
github.com/crossplane/provider-azure/pkg/controller/appconfiguration/keyvalue.go:179.31,181.3 1 1
github.com/crossplane/provider-azure/pkg/controller/cache/redis.go:58.105,74.2 2 0
github.com/crossplane/provider-azure/pkg/controller/cache/redis.go:80.102,82.16 2 0
github.com/crossplane/provider-azure/pkg/controller/cache/redis.go:85.2,87.49 3 0
github.com/crossplane/provider-azure/pkg/controller/cache/redis.go:82.16,84.3 1 0
github.com/crossplane/provider-azure/pkg/controller/cache/redis.go:95.107,97.9 2 1
github.com/crossplane/provider-azure/pkg/controller/cache/redis.go:100.2,101.16 2 1
github.com/crossplane/provider-azure/pkg/controller/cache/redis.go:105.2,106.47 2 1
github.com/crossplane/provider-azure/pkg/controller/cache/redis.go:109.2,112.48 3 1
github.com/crossplane/provider-azure/pkg/controller/cache/redis.go:131.2,135.8 1 1
github.com/crossplane/provider-azure/pkg/controller/cache/redis.go:97.9,99.3 1 0
github.com/crossplane/provider-azure/pkg/controller/cache/redis.go:101.16,103.3 1 1
github.com/crossplane/provider-azure/pkg/controller/cache/redis.go:106.47,108.3 1 1
github.com/crossplane/provider-azure/pkg/controller/cache/redis.go:113.47,115.17 2 1
github.com/crossplane/provider-azure/pkg/controller/cache/redis.go:118.3,123.44 2 1
github.com/crossplane/provider-azure/pkg/controller/cache/redis.go:124.46,125.43 1 1
github.com/crossplane/provider-azure/pkg/controller/cache/redis.go:126.46,127.43 1 1
github.com/crossplane/provider-azure/pkg/controller/cache/redis.go:128.10,129.46 1 1
github.com/crossplane/provider-azure/pkg/controller/cache/redis.go:115.17,117.4 1 1
github.com/crossplane/provider-azure/pkg/controller/cache/redis.go:138.103,140.9 2 1
github.com/crossplane/provider-azure/pkg/controller/cache/redis.go:143.2,145.70 3 1
github.com/crossplane/provider-azure/pkg/controller/cache/redis.go:140.9,142.3 1 0
github.com/crossplane/provider-azure/pkg/controller/cache/redis.go:148.101,150.9 2 1
github.com/crossplane/provider-azure/pkg/controller/cache/redis.go:155.2,155.87 1 1
github.com/crossplane/provider-azure/pkg/controller/cache/redis.go:158.2,159.16 2 1
github.com/crossplane/provider-azure/pkg/controller/cache/redis.go:162.2,167.68 2 1
github.com/crossplane/provider-azure/pkg/controller/cache/redis.go:150.9,152.3 1 0
github.com/crossplane/provider-azure/pkg/controller/cache/redis.go:155.87,157.3 1 1
github.com/crossplane/provider-azure/pkg/controller/cache/redis.go:159.16,161.3 1 1
github.com/crossplane/provider-azure/pkg/controller/cache/redis.go:170.75,172.9 2 1
github.com/crossplane/provider-azure/pkg/controller/cache/redis.go:175.2,176.86 2 1
github.com/crossplane/provider-azure/pkg/controller/cache/redis.go:179.2,180.77 2 1
github.com/crossplane/provider-azure/pkg/controller/cache/redis.go:172.9,174.3 1 0
github.com/crossplane/provider-azure/pkg/controller/cache/redis.go:176.86,178.3 1 1
github.com/crossplane/provider-azure/pkg/controller/compute/managed.go:56.110,72.2 2 0
github.com/crossplane/provider-azure/pkg/controller/compute/managed.go:78.103,80.16 2 0
github.com/crossplane/provider-azure/pkg/controller/compute/managed.go:83.2,84.16 2 0
github.com/crossplane/provider-azure/pkg/controller/compute/managed.go:87.2,87.85 1 0
github.com/crossplane/provider-azure/pkg/controller/compute/managed.go:80.16,82.3 1 0
github.com/crossplane/provider-azure/pkg/controller/compute/managed.go:84.16,86.3 1 0
github.com/crossplane/provider-azure/pkg/controller/compute/managed.go:96.107,98.9 2 1
github.com/crossplane/provider-azure/pkg/controller/compute/managed.go:102.2,103.27 2 1
github.com/crossplane/provider-azure/pkg/controller/compute/managed.go:106.2,106.16 1 1
github.com/crossplane/provider-azure/pkg/controller/compute/managed.go:110.2,114.36 4 1
github.com/crossplane/provider-azure/pkg/controller/compute/managed.go:119.2,120.16 2 1
github.com/crossplane/provider-azure/pkg/controller/compute/managed.go:124.2,125.16 2 0
github.com/crossplane/provider-azure/pkg/controller/compute/managed.go:129.2,137.15 3 0
github.com/crossplane/provider-azure/pkg/controller/compute/managed.go:98.9,100.3 1 1
github.com/crossplane/provider-azure/pkg/controller/compute/managed.go:103.27,105.3 1 1
github.com/crossplane/provider-azure/pkg/controller/compute/managed.go:106.16,108.3 1 1
github.com/crossplane/provider-azure/pkg/controller/compute/managed.go:114.36,117.3 1 1
github.com/crossplane/provider-azure/pkg/controller/compute/managed.go:120.16,122.3 1 1
github.com/crossplane/provider-azure/pkg/controller/compute/managed.go:125.16,127.3 1 0
github.com/crossplane/provider-azure/pkg/controller/compute/managed.go:140.103,142.9 2 1
github.com/crossplane/provider-azure/pkg/controller/compute/managed.go:145.2,147.16 3 1
github.com/crossplane/provider-azure/pkg/controller/compute/managed.go:150.2,150.117 1 1
github.com/crossplane/provider-azure/pkg/controller/compute/managed.go:142.9,144.3 1 1
github.com/crossplane/provider-azure/pkg/controller/compute/managed.go:147.16,149.3 1 1
github.com/crossplane/provider-azure/pkg/controller/compute/managed.go:153.101,156.2 1 0
github.com/crossplane/provider-azure/pkg/controller/compute/managed.go:158.75,160.9 2 1
github.com/crossplane/provider-azure/pkg/controller/compute/managed.go:163.2,164.81 2 1
github.com/crossplane/provider-azure/pkg/controller/compute/managed.go:160.9,162.3 1 1
github.com/crossplane/provider-azure/pkg/controller/compute/managed.go:167.91,169.16 2 0
github.com/crossplane/provider-azure/pkg/controller/compute/managed.go:173.2,174.9 2 0
github.com/crossplane/provider-azure/pkg/controller/compute/managed.go:177.2,178.9 2 0
github.com/crossplane/provider-azure/pkg/controller/compute/managed.go:181.2,182.9 2 0
github.com/crossplane/provider-azure/pkg/controller/compute/managed.go:186.2,192.8 1 0
github.com/crossplane/provider-azure/pkg/controller/compute/managed.go:169.16,172.3 1 0
github.com/crossplane/provider-azure/pkg/controller/compute/managed.go:174.9,176.3 1 0
github.com/crossplane/provider-azure/pkg/controller/compute/managed.go:178.9,180.3 1 0
github.com/crossplane/provider-azure/pkg/controller/compute/managed.go:182.9,184.3 1 0
github.com/crossplane/provider-azure/pkg/controller/database/mysqlserver/managed.go:59.100,75.2 2 0
github.com/crossplane/provider-azure/pkg/controller/database/mysqlserver/managed.go:81.103,83.16 2 0
github.com/crossplane/provider-azure/pkg/controller/database/mysqlserver/managed.go:86.2,88.116 3 0
github.com/crossplane/provider-azure/pkg/controller/database/mysqlserver/managed.go:83.16,85.3 1 0
github.com/crossplane/provider-azure/pkg/controller/database/mysqlserver/managed.go:97.107,99.9 2 1
github.com/crossplane/provider-azure/pkg/controller/database/mysqlserver/managed.go:103.2,104.27 2 1
github.com/crossplane/provider-azure/pkg/controller/database/mysqlserver/managed.go:116.2,116.16 1 1
github.com/crossplane/provider-azure/pkg/controller/database/mysqlserver/managed.go:119.2,120.47 2 1
github.com/crossplane/provider-azure/pkg/controller/database/mysqlserver/managed.go:123.2,128.118 2 1
github.com/crossplane/provider-azure/pkg/controller/database/mysqlserver/managed.go:131.2,131.47 1 1
github.com/crossplane/provider-azure/pkg/controller/database/mysqlserver/managed.go:138.2,145.8 1 1
github.com/crossplane/provider-azure/pkg/controller/database/mysqlserver/managed.go:99.9,101.3 1 1
github.com/crossplane/provider-azure/pkg/controller/database/mysqlserver/managed.go:104.27,105.119 1 1
github.com/crossplane/provider-azure/pkg/controller/database/mysqlserver/managed.go:112.3,114.68 2 1
github.com/crossplane/provider-azure/pkg/controller/database/mysqlserver/managed.go:105.119,107.4 1 0
github.com/crossplane/provider-azure/pkg/controller/database/mysqlserver/managed.go:116.16,118.3 1 1
github.com/crossplane/provider-azure/pkg/controller/database/mysqlserver/managed.go:120.47,122.3 1 0
github.com/crossplane/provider-azure/pkg/controller/database/mysqlserver/managed.go:128.118,130.3 1 0
github.com/crossplane/provider-azure/pkg/controller/database/mysqlserver/managed.go:132.26,133.37 1 1
github.com/crossplane/provider-azure/pkg/controller/database/mysqlserver/managed.go:134.10,135.39 1 0
github.com/crossplane/provider-azure/pkg/controller/database/mysqlserver/managed.go:148.103,150.9 2 1
github.com/crossplane/provider-azure/pkg/controller/database/mysqlserver/managed.go:154.2,156.16 3 1
github.com/crossplane/provider-azure/pkg/controller/database/mysqlserver/managed.go:159.2,159.59 1 1
github.com/crossplane/provider-azure/pkg/controller/database/mysqlserver/managed.go:163.2,169.26 1 1
github.com/crossplane/provider-azure/pkg/controller/database/mysqlserver/managed.go:150.9,152.3 1 1
github.com/crossplane/provider-azure/pkg/controller/database/mysqlserver/managed.go:156.16,158.3 1 1
github.com/crossplane/provider-azure/pkg/controller/database/mysqlserver/managed.go:159.59,161.3 1 1
github.com/crossplane/provider-azure/pkg/controller/database/mysqlserver/managed.go:172.101,174.9 2 0
github.com/crossplane/provider-azure/pkg/controller/database/mysqlserver/managed.go:177.2,177.87 1 0
github.com/crossplane/provider-azure/pkg/controller/database/mysqlserver/managed.go:180.2,180.55 1 0
github.com/crossplane/provider-azure/pkg/controller/database/mysqlserver/managed.go:184.2,186.25 1 0
github.com/crossplane/provider-azure/pkg/controller/database/mysqlserver/managed.go:174.9,176.3 1 0
github.com/crossplane/provider-azure/pkg/controller/database/mysqlserver/managed.go:177.87,179.3 1 0
github.com/crossplane/provider-azure/pkg/controller/database/mysqlserver/managed.go:180.55,182.3 1 0
github.com/crossplane/provider-azure/pkg/controller/database/mysqlserver/managed.go:189.75,191.9 2 1
github.com/crossplane/provider-azure/pkg/controller/database/mysqlserver/managed.go:194.2,195.68 2 1
github.com/crossplane/provider-azure/pkg/controller/database/mysqlserver/managed.go:198.2,198.90 1 1
github.com/crossplane/provider-azure/pkg/controller/database/mysqlserver/managed.go:202.2,204.25 1 1
[...]
github.com/crossplane/provider-azure/pkg/controller/keyvault/secret/keyvault_secret.go:100.16,102.3 1 1
github.com/crossplane/provider-azure/pkg/controller/keyvault/secret/keyvault_secret.go:107.51,108.48 1 1
github.com/crossplane/provider-azure/pkg/controller/keyvault/secret/keyvault_secret.go:111.3,111.18 1 1
github.com/crossplane/provider-azure/pkg/controller/keyvault/secret/keyvault_secret.go:108.48,110.4 1 1
github.com/crossplane/provider-azure/pkg/controller/keyvault/secret/keyvault_secret.go:119.16,121.3 1 0
github.com/crossplane/provider-azure/pkg/controller/keyvault/secret/keyvault_secret.go:130.103,132.9 2 1
github.com/crossplane/provider-azure/pkg/controller/keyvault/secret/keyvault_secret.go:136.2,139.16 3 1
github.com/crossplane/provider-azure/pkg/controller/keyvault/secret/keyvault_secret.go:143.2,150.16 2 1
github.com/crossplane/provider-azure/pkg/controller/keyvault/secret/keyvault_secret.go:154.2,154.40 1 1
github.com/crossplane/provider-azure/pkg/controller/keyvault/secret/keyvault_secret.go:132.9,134.3 1 1
github.com/crossplane/provider-azure/pkg/controller/keyvault/secret/keyvault_secret.go:139.16,141.3 1 0
github.com/crossplane/provider-azure/pkg/controller/keyvault/secret/keyvault_secret.go:150.16,152.3 1 1
github.com/crossplane/provider-azure/pkg/controller/keyvault/secret/keyvault_secret.go:157.101,159.9 2 1
github.com/crossplane/provider-azure/pkg/controller/keyvault/secret/keyvault_secret.go:163.2,164.16 2 1
github.com/crossplane/provider-azure/pkg/controller/keyvault/secret/keyvault_secret.go:168.2,175.16 2 1
github.com/crossplane/provider-azure/pkg/controller/keyvault/secret/keyvault_secret.go:179.2,179.38 1 1
github.com/crossplane/provider-azure/pkg/controller/keyvault/secret/keyvault_secret.go:159.9,161.3 1 1
github.com/crossplane/provider-azure/pkg/controller/keyvault/secret/keyvault_secret.go:164.16,166.3 1 0
github.com/crossplane/provider-azure/pkg/controller/keyvault/secret/keyvault_secret.go:175.16,177.3 1 1
github.com/crossplane/provider-azure/pkg/controller/keyvault/secret/keyvault_secret.go:182.75,184.9 2 1
github.com/crossplane/provider-azure/pkg/controller/keyvault/secret/keyvault_secret.go:187.2,191.77 3 1
github.com/crossplane/provider-azure/pkg/controller/keyvault/secret/keyvault_secret.go:184.9,186.3 1 1
github.com/crossplane/provider-azure/pkg/controller/network/virtualnetwork/managed.go:54.100,71.2 2 0
github.com/crossplane/provider-azure/pkg/controller/network/virtualnetwork/managed.go:77.103,79.16 2 0
github.com/crossplane/provider-azure/pkg/controller/network/virtualnetwork/managed.go:82.2,84.35 3 0
github.com/crossplane/provider-azure/pkg/controller/network/virtualnetwork/managed.go:79.16,81.3 1 0
github.com/crossplane/provider-azure/pkg/controller/network/virtualnetwork/managed.go:91.107,93.9 2 1
github.com/crossplane/provider-azure/pkg/controller/network/virtualnetwork/managed.go:97.2,98.34 2 1
github.com/crossplane/provider-azure/pkg/controller/network/virtualnetwork/managed.go:101.2,101.16 1 1
github.com/crossplane/provider-azure/pkg/controller/network/virtualnetwork/managed.go:105.2,114.15 4 1
github.com/crossplane/provider-azure/pkg/controller/network/virtualnetwork/managed.go:93.9,95.3 1 1
github.com/crossplane/provider-azure/pkg/controller/network/virtualnetwork/managed.go:98.34,100.3 1 1
github.com/crossplane/provider-azure/pkg/controller/network/virtualnetwork/managed.go:101.16,103.3 1 1
github.com/crossplane/provider-azure/pkg/controller/network/virtualnetwork/managed.go:117.103,119.9 2 1
github.com/crossplane/provider-azure/pkg/controller/network/virtualnetwork/managed.go:123.2,126.113 3 1
github.com/crossplane/provider-azure/pkg/controller/network/virtualnetwork/managed.go:130.2,130.40 1 1
github.com/crossplane/provider-azure/pkg/controller/network/virtualnetwork/managed.go:119.9,121.3 1 1
github.com/crossplane/provider-azure/pkg/controller/network/virtualnetwork/managed.go:126.113,128.3 1 1
github.com/crossplane/provider-azure/pkg/controller/network/virtualnetwork/managed.go:133.101,135.9 2 1
github.com/crossplane/provider-azure/pkg/controller/network/virtualnetwork/managed.go:139.2,140.16 2 1
github.com/crossplane/provider-azure/pkg/controller/network/virtualnetwork/managed.go:144.2,144.46 1 1
github.com/crossplane/provider-azure/pkg/controller/network/virtualnetwork/managed.go:150.2,150.38 1 1
github.com/crossplane/provider-azure/pkg/controller/network/virtualnetwork/managed.go:135.9,137.3 1 1
github.com/crossplane/provider-azure/pkg/controller/network/virtualnetwork/managed.go:140.16,142.3 1 1
github.com/crossplane/provider-azure/pkg/controller/network/virtualnetwork/managed.go:144.46,146.114 2 1
github.com/crossplane/provider-azure/pkg/controller/network/virtualnetwork/managed.go:146.114,148.4 1 1
github.com/crossplane/provider-azure/pkg/controller/network/virtualnetwork/managed.go:153.75,155.9 2 1
github.com/crossplane/provider-azure/pkg/controller/network/virtualnetwork/managed.go:159.2,162.92 3 1
github.com/crossplane/provider-azure/pkg/controller/network/virtualnetwork/managed.go:155.9,157.3 1 1
github.com/crossplane/provider-azure/pkg/controller/network/subnet/managed.go:54.100,71.2 2 0
github.com/crossplane/provider-azure/pkg/controller/network/subnet/managed.go:77.103,79.16 2 0
github.com/crossplane/provider-azure/pkg/controller/network/subnet/managed.go:82.2,84.35 3 0
github.com/crossplane/provider-azure/pkg/controller/network/subnet/managed.go:79.16,81.3 1 0
github.com/crossplane/provider-azure/pkg/controller/network/subnet/managed.go:89.107,91.9 2 1
github.com/crossplane/provider-azure/pkg/controller/network/subnet/managed.go:95.2,96.34 2 1
github.com/crossplane/provider-azure/pkg/controller/network/subnet/managed.go:99.2,99.16 1 1
github.com/crossplane/provider-azure/pkg/controller/network/subnet/managed.go:103.2,111.15 4 1
github.com/crossplane/provider-azure/pkg/controller/network/subnet/managed.go:91.9,93.3 1 1
github.com/crossplane/provider-azure/pkg/controller/network/subnet/managed.go:96.34,98.3 1 1
github.com/crossplane/provider-azure/pkg/controller/network/subnet/managed.go:99.16,101.3 1 1
github.com/crossplane/provider-azure/pkg/controller/network/subnet/managed.go:114.103,116.9 2 1
github.com/crossplane/provider-azure/pkg/controller/network/subnet/managed.go:120.2,123.140 3 1
github.com/crossplane/provider-azure/pkg/controller/network/subnet/managed.go:127.2,127.40 1 1
github.com/crossplane/provider-azure/pkg/controller/network/subnet/managed.go:116.9,118.3 1 1
github.com/crossplane/provider-azure/pkg/controller/network/subnet/managed.go:123.140,125.3 1 1
github.com/crossplane/provider-azure/pkg/controller/network/subnet/managed.go:130.101,132.9 2 1
github.com/crossplane/provider-azure/pkg/controller/network/subnet/managed.go:136.2,137.16 2 1
github.com/crossplane/provider-azure/pkg/controller/network/subnet/managed.go:141.2,141.38 1 1
github.com/crossplane/provider-azure/pkg/controller/network/subnet/managed.go:147.2,147.38 1 1
github.com/crossplane/provider-azure/pkg/controller/network/subnet/managed.go:132.9,134.3 1 1
github.com/crossplane/provider-azure/pkg/controller/network/subnet/managed.go:137.16,139.3 1 1
github.com/crossplane/provider-azure/pkg/controller/network/subnet/managed.go:141.38,143.141 2 1
github.com/crossplane/provider-azure/pkg/controller/network/subnet/managed.go:143.141,145.4 1 1
github.com/crossplane/provider-azure/pkg/controller/network/subnet/managed.go:150.75,152.9 2 1
github.com/crossplane/provider-azure/pkg/controller/network/subnet/managed.go:156.2,159.84 3 1
github.com/crossplane/provider-azure/pkg/controller/network/subnet/managed.go:152.9,154.3 1 1
github.com/crossplane/provider-azure/pkg/controller/resourcegroup/resourcegroup.go:57.100,73.2 2 0
github.com/crossplane/provider-azure/pkg/controller/resourcegroup/resourcegroup.go:79.103,81.16 2 0
github.com/crossplane/provider-azure/pkg/controller/resourcegroup/resourcegroup.go:84.2,86.35 3 0
github.com/crossplane/provider-azure/pkg/controller/resourcegroup/resourcegroup.go:81.16,83.3 1 0
github.com/crossplane/provider-azure/pkg/controller/resourcegroup/resourcegroup.go:94.107,96.9 2 1
github.com/crossplane/provider-azure/pkg/controller/resourcegroup/resourcegroup.go:100.2,101.16 2 1
github.com/crossplane/provider-azure/pkg/controller/resourcegroup/resourcegroup.go:105.2,105.52 1 1
github.com/crossplane/provider-azure/pkg/controller/resourcegroup/resourcegroup.go:109.2,110.16 2 1
github.com/crossplane/provider-azure/pkg/controller/resourcegroup/resourcegroup.go:113.2,113.25 1 1
github.com/crossplane/provider-azure/pkg/controller/resourcegroup/resourcegroup.go:117.2,118.87 2 1
github.com/crossplane/provider-azure/pkg/controller/resourcegroup/resourcegroup.go:96.9,98.3 1 1
github.com/crossplane/provider-azure/pkg/controller/resourcegroup/resourcegroup.go:101.16,103.3 1 1
github.com/crossplane/provider-azure/pkg/controller/resourcegroup/resourcegroup.go:105.52,107.3 1 1
github.com/crossplane/provider-azure/pkg/controller/resourcegroup/resourcegroup.go:110.16,112.3 1 1
github.com/crossplane/provider-azure/pkg/controller/resourcegroup/resourcegroup.go:113.25,115.3 1 1
github.com/crossplane/provider-azure/pkg/controller/resourcegroup/resourcegroup.go:121.103,123.9 2 1
github.com/crossplane/provider-azure/pkg/controller/resourcegroup/resourcegroup.go:127.2,129.77 3 1
github.com/crossplane/provider-azure/pkg/controller/resourcegroup/resourcegroup.go:123.9,125.3 1 1
github.com/crossplane/provider-azure/pkg/controller/resourcegroup/resourcegroup.go:132.98,135.2 1 0
github.com/crossplane/provider-azure/pkg/controller/resourcegroup/resourcegroup.go:137.75,139.9 2 1
github.com/crossplane/provider-azure/pkg/controller/resourcegroup/resourcegroup.go:146.2,146.70 1 1
github.com/crossplane/provider-azure/pkg/controller/resourcegroup/resourcegroup.go:150.2,152.49 3 1
github.com/crossplane/provider-azure/pkg/controller/resourcegroup/resourcegroup.go:139.9,141.3 1 1
github.com/crossplane/provider-azure/pkg/controller/resourcegroup/resourcegroup.go:146.70,148.3 1 1
github.com/crossplane/provider-azure/pkg/controller/storage/account/account.go:74.100,93.2 3 0
github.com/crossplane/provider-azure/pkg/controller/storage/account/account.go:97.106,104.62 5 1
github.com/crossplane/provider-azure/pkg/controller/storage/account/account.go:110.2,110.45 1 1
github.com/crossplane/provider-azure/pkg/controller/storage/account/account.go:114.2,115.16 2 1
github.com/crossplane/provider-azure/pkg/controller/storage/account/account.go:121.2,121.32 1 1
github.com/crossplane/provider-azure/pkg/controller/storage/account/account.go:125.2,125.21 1 1
github.com/crossplane/provider-azure/pkg/controller/storage/account/account.go:104.62,105.30 1 1
github.com/crossplane/provider-azure/pkg/controller/storage/account/account.go:108.3,108.33 1 1
github.com/crossplane/provider-azure/pkg/controller/storage/account/account.go:105.30,107.4 1 1
github.com/crossplane/provider-azure/pkg/controller/storage/account/account.go:110.45,112.3 1 0
github.com/crossplane/provider-azure/pkg/controller/storage/account/account.go:115.16,118.3 2 1
github.com/crossplane/provider-azure/pkg/controller/storage/account/account.go:121.32,123.3 1 1
github.com/crossplane/provider-azure/pkg/controller/storage/account/account.go:136.133,138.16 2 0
github.com/crossplane/provider-azure/pkg/controller/storage/account/account.go:142.2,147.26 3 0
github.com/crossplane/provider-azure/pkg/controller/storage/account/account.go:138.16,140.3 1 0
github.com/crossplane/provider-azure/pkg/controller/storage/account/account.go:186.144,193.2 1 1
github.com/crossplane/provider-azure/pkg/controller/storage/account/account.go:195.86,197.38 2 1
github.com/crossplane/provider-azure/pkg/controller/storage/account/account.go:210.2,211.59 2 1
github.com/crossplane/provider-azure/pkg/controller/storage/account/account.go:198.31,199.67 1 1
github.com/crossplane/provider-azure/pkg/controller/storage/account/account.go:203.27,203.27 0 1
github.com/crossplane/provider-azure/pkg/controller/storage/account/account.go:199.67,202.4 2 1
github.com/crossplane/provider-azure/pkg/controller/storage/account/account.go:216.84,218.42 2 1
github.com/crossplane/provider-azure/pkg/controller/storage/account/account.go:223.2,223.20 1 1
github.com/crossplane/provider-azure/pkg/controller/storage/account/account.go:227.2,227.33 1 1
github.com/crossplane/provider-azure/pkg/controller/storage/account/account.go:218.42,221.3 2 1
github.com/crossplane/provider-azure/pkg/controller/storage/account/account.go:223.20,225.3 1 1
github.com/crossplane/provider-azure/pkg/controller/storage/account/account.go:247.151,255.2 1 1
github.com/crossplane/provider-azure/pkg/controller/storage/account/account.go:258.88,265.16 5 1
github.com/crossplane/provider-azure/pkg/controller/storage/account/account.go:270.2,270.29 1 1
github.com/crossplane/provider-azure/pkg/controller/storage/account/account.go:265.16,268.3 2 1
github.com/crossplane/provider-azure/pkg/controller/storage/account/account.go:274.114,275.52 1 1
github.com/crossplane/provider-azure/pkg/controller/storage/account/account.go:292.2,292.35 1 1
github.com/crossplane/provider-azure/pkg/controller/storage/account/account.go:275.52,279.67 3 1
github.com/crossplane/provider-azure/pkg/controller/storage/account/account.go:284.3,285.17 2 1
github.com/crossplane/provider-azure/pkg/controller/storage/account/account.go:289.3,289.14 1 1
github.com/crossplane/provider-azure/pkg/controller/storage/account/account.go:279.67,282.4 2 1
github.com/crossplane/provider-azure/pkg/controller/storage/account/account.go:285.17,288.4 2 1
github.com/crossplane/provider-azure/pkg/controller/storage/account/account.go:302.145,309.2 1 1
github.com/crossplane/provider-azure/pkg/controller/storage/account/account.go:311.110,313.55 2 1
github.com/crossplane/provider-azure/pkg/controller/storage/account/account.go:317.2,319.49 2 1
github.com/crossplane/provider-azure/pkg/controller/storage/account/account.go:324.2,324.52 1 1
github.com/crossplane/provider-azure/pkg/controller/storage/account/account.go:329.2,330.90 2 1
github.com/crossplane/provider-azure/pkg/controller/storage/account/account.go:313.55,315.3 1 1
github.com/crossplane/provider-azure/pkg/controller/storage/account/account.go:319.49,322.3 2 1
github.com/crossplane/provider-azure/pkg/controller/storage/account/account.go:324.52,327.3 2 1
github.com/crossplane/provider-azure/pkg/controller/storage/account/account.go:339.131,345.2 1 1
github.com/crossplane/provider-azure/pkg/controller/storage/account/account.go:347.97,351.34 3 1
github.com/crossplane/provider-azure/pkg/controller/storage/account/account.go:355.2,356.16 2 1
github.com/crossplane/provider-azure/pkg/controller/storage/account/account.go:359.2,359.20 1 1
github.com/crossplane/provider-azure/pkg/controller/storage/account/account.go:363.2,366.53 3 1
github.com/crossplane/provider-azure/pkg/controller/storage/account/account.go:373.2,373.12 1 1
github.com/crossplane/provider-azure/pkg/controller/storage/account/account.go:351.34,353.3 1 1
github.com/crossplane/provider-azure/pkg/controller/storage/account/account.go:356.16,358.3 1 1
github.com/crossplane/provider-azure/pkg/controller/storage/account/account.go:359.20,361.3 1 1
github.com/crossplane/provider-azure/pkg/controller/storage/account/account.go:366.53,367.35 1 1
github.com/crossplane/provider-azure/pkg/controller/storage/account/account.go:370.3,370.63 1 1
github.com/crossplane/provider-azure/pkg/controller/storage/account/account.go:367.35,369.4 1 1
github.com/crossplane/provider-azure/pkg/controller/storage/container/container.go:78.100,96.2 3 0
github.com/crossplane/provider-azure/pkg/controller/storage/container/container.go:100.106,107.62 5 1
github.com/crossplane/provider-azure/pkg/controller/storage/container/container.go:110.2,110.45 1 1
github.com/crossplane/provider-azure/pkg/controller/storage/container/container.go:114.2,115.16 2 1
github.com/crossplane/provider-azure/pkg/controller/storage/container/container.go:121.2,121.32 1 1
github.com/crossplane/provider-azure/pkg/controller/storage/container/container.go:125.2,125.21 1 1
github.com/crossplane/provider-azure/pkg/controller/storage/container/container.go:107.62,109.3 1 1
github.com/crossplane/provider-azure/pkg/controller/storage/container/container.go:110.45,112.3 1 0
github.com/crossplane/provider-azure/pkg/controller/storage/container/container.go:115.16,118.3 2 1
github.com/crossplane/provider-azure/pkg/controller/storage/container/container.go:121.32,123.3 1 1
github.com/crossplane/provider-azure/pkg/controller/storage/container/container.go:136.137,138.9 2 1
github.com/crossplane/provider-azure/pkg/controller/storage/container/container.go:148.2,149.45 2 1
github.com/crossplane/provider-azure/pkg/controller/storage/container/container.go:161.2,161.55 1 1
github.com/crossplane/provider-azure/pkg/controller/storage/container/container.go:166.2,171.41 3 1
github.com/crossplane/provider-azure/pkg/controller/storage/container/container.go:175.2,180.16 5 1
github.com/crossplane/provider-azure/pkg/controller/storage/container/container.go:186.2,200.8 4 1
github.com/crossplane/provider-azure/pkg/controller/storage/container/container.go:139.90,140.48 1 0
github.com/crossplane/provider-azure/pkg/controller/storage/container/container.go:141.78,142.42 1 1
github.com/crossplane/provider-azure/pkg/controller/storage/container/container.go:143.10,144.79 1 0
github.com/crossplane/provider-azure/pkg/controller/storage/container/container.go:149.45,152.60 1 1
github.com/crossplane/provider-azure/pkg/controller/storage/container/container.go:158.3,158.105 1 1
github.com/crossplane/provider-azure/pkg/controller/storage/container/container.go:152.60,154.50 2 1
github.com/crossplane/provider-azure/pkg/controller/storage/container/container.go:154.50,156.5 1 0
github.com/crossplane/provider-azure/pkg/controller/storage/container/container.go:161.55,163.3 1 1
github.com/crossplane/provider-azure/pkg/controller/storage/container/container.go:171.41,173.3 1 1
github.com/crossplane/provider-azure/pkg/controller/storage/container/container.go:180.16,182.3 1 1
github.com/crossplane/provider-azure/pkg/controller/storage/container/container.go:231.88,233.62 2 1
github.com/crossplane/provider-azure/pkg/controller/storage/container/container.go:243.2,244.64 2 1
github.com/crossplane/provider-azure/pkg/controller/storage/container/container.go:233.62,234.67 1 1
github.com/crossplane/provider-azure/pkg/controller/storage/container/container.go:234.67,237.4 2 1
github.com/crossplane/provider-azure/pkg/controller/storage/container/container.go:247.86,249.49 2 1
github.com/crossplane/provider-azure/pkg/controller/storage/container/container.go:254.2,254.19 1 1
github.com/crossplane/provider-azure/pkg/controller/storage/container/container.go:258.2,258.38 1 1
github.com/crossplane/provider-azure/pkg/controller/storage/container/container.go:249.49,252.3 2 1
github.com/crossplane/provider-azure/pkg/controller/storage/container/container.go:254.19,256.3 1 1
github.com/crossplane/provider-azure/pkg/controller/storage/container/container.go:276.90,281.56 4 1
github.com/crossplane/provider-azure/pkg/controller/storage/container/container.go:285.2,286.78 2 1
github.com/crossplane/provider-azure/pkg/controller/storage/container/container.go:291.2,292.73 2 1
github.com/crossplane/provider-azure/pkg/controller/storage/container/container.go:281.56,283.3 1 1
github.com/crossplane/provider-azure/pkg/controller/storage/container/container.go:286.78,289.3 2 1
github.com/crossplane/provider-azure/pkg/controller/storage/container/container.go:295.149,299.103 3 1
github.com/crossplane/provider-azure/pkg/controller/storage/container/container.go:306.2,307.95 2 1
github.com/crossplane/provider-azure/pkg/controller/storage/container/container.go:299.103,300.79 1 1
github.com/crossplane/provider-azure/pkg/controller/storage/container/container.go:300.79,303.4 2 1
